Case #1: [E, A]
Case #2: [R, I, R]
Case #3: [F, D, T]
Case #4: [Z, E, R, A]
Case #5: []
Case #6: [C, F, H, O, L, H, G, P, U, J, L, S, J, U, A, G, O, C]
Case #7: [K, K, E]
Case #8: []
Case #9: [N, T, Q, T, Q, T, Q, T, Q, T, Q, T, Q, T, Q, T, Q, T, Q, T, Q, T, Q, T, Q, T, Q, T, Q, T, Q, T, Q, T, Q, T, Q, T, Q, A, B, T, A, M, T, Q]
Case #10: [D]
Case #11: [Y, M, J, H, L, K, N, M, C, Y, P, L, Q, N, X, Y, Y, Q]
Case #12: [Q, T, M, Z, R, O, O, X]
Case #13: []
Case #14: [I, N, W, E]
Case #15: [B, X, L, L, I, G, P, P, S, O, J, D, D, Z]
Case #16: [T, T]
Case #17: [A, W, A, R, E, N, E, S, S]
Case #18: []
Case #19: [M, O]
Case #20: [H, W, F, O, T, C, N, W, F, O, M, O, T, E, O, I, K, Q, G, N, F, I, S, F, O, C, W, T, B, C, B, U, E, Z, D, E, O, V, Y, I, Q, Y, N, W, O, T, B, V, B, Q]
Case #21: [M, H, V, M, M]
Case #22: [M, X, M, Q]
Case #23: [B]
Case #24: [V, P, W]
Case #25: []
Case #26: [E, D]
Case #27: [W]
Case #28: [F, G, I, A, Y, F, G, I, A, Y, G, O, T, T, A, G, T, I, O, W, N, O, N, F, G, I, A, Y]
Case #29: [B, V, N, C, Z, X, H, Z, E, A, K, X, X, Q, W, U, Y, D, A, K, N, B, Q, P, V, Q, M, Q, E, S, D, X]
Case #30: [C, T, O, P, M, Q]
Case #31: [X, W, U, Y, J, C, G, C, W, Z]
Case #32: [Z, X, Z, V, L, U, Y, U, D]
Case #33: [E, D]
Case #34: []
Case #35: [F]
Case #36: [R]
Case #37: [J, P, N, X, I, I, Z, T, N, O, E, D]
Case #38: [X, X, D]
Case #39: [Z, T]
Case #40: [J, C, K, A, R]
Case #41: [E, U, T, J, E, A, E, L, I, B, B, M, R, U, W, A, M, N, M]
Case #42: []
Case #43: [H, X, E]
Case #44: [U, U, V, Z, V, T, Z, M, L, H, H, G, Y, T, J, V, T, B, H, Z, V, U, U, U, V, N, J, V, T, V, V, B, V, V, Z, Z, J, J, T, G, I, G, M, G, H, B, B, U, C, T]
Case #45: [T, H, E, C, A, K, E, I, S, A, L, I, E]
Case #46: [K, A]
Case #47: [J, T, G, T, T, H, V, B, I]
Case #48: [O, N, Y, V, K, J, M]
Case #49: [Y, J]
Case #50: [Y, N, C, C, Q]
Case #51: [B, W, H, M, W, W, W]
Case #52: [C, J, L]
Case #53: []
Case #54: [B, K, Q]
Case #55: [Z, Z, Z, Z, Z]
Case #56: [B, C, T, B, C, I, I, N, N, T, N, Z, Z, M, Z, M, O, M, B, B, Z, L, N, I, K, N, Y, B, T, L, Y, J, H, Z, N, M, Z, M, N, J, L, B, T, V, O, E]
Case #57: [M, J, O, P, S]
Case #58: []
Case #59: [T, I, P, J, R]
Case #60: [A, A, A, A, A, A, A, A, A, A]
Case #61: [D]
Case #62: [Q, Q, W, E, R, G, D, F, S]
Case #63: []
Case #64: [Z, E, S, B, W]
Case #65: []
Case #66: [R, R, B, L]
Case #67: [K, X, A, H, A, A, P, T, K, U]
Case #68: [G, M, K, I]
Case #69: [Q]
Case #70: []
Case #71: [P, M, N, W, D]
Case #72: [K, W]
Case #73: [Y, M, M, X, B, O, O, W, O, S]
Case #74: []
Case #75: [Q]
Case #76: [Z, A]
Case #77: [I, L, L, J, B]
Case #78: []
Case #79: []
Case #80: [C, E]
Case #81: []
Case #82: [F]
Case #83: [E, V, D]
Case #84: [D, R, P, P, S]
Case #85: [W]
Case #86: [H, M, K, V, K, S, J, T, H]
Case #87: [W, H, I, C, H, S, E, A, T, S, H, O, U, L, D, I, T, A, A, A, A, A, A, A, A, A, A, A, A, A, A, A, A, A, A, A, A, A, A, A, A, A, A, A, A, A, A, A, A, A, A, A, A, A, A, A, A, A, A, A, A, A, A, K, E]
Case #88: [F]
Case #89: [D, F, R]
Case #90: [A, S, Z, Y, W]
Case #91: [D, E, A, F, D, E, A, R, S]
Case #92: [W]
Case #93: [I, R, K, W, C, D, G, M, I, X, Z, F]
Case #94: [B, E, S, U, R, E, T, O, D, R, I, N, K, Y, O, U, O, R, V, L, T, A, I, N, E]
Case #95: [F, O, T, O, U, N, O, N, K]
Case #96: []
Case #97: [O, M, V]
Case #98: [K]
Case #99: [Z, Z, Z, Z, Z, Z, Z, Z, Z, Z, Z, Z, Z, Z, Z, Z, Z, Z, Z, Z, Z, Z, Z, Z, Z, Z, Z, Z, Z, Z, Z, Z, Z, Z, Z, Z, Z, Z, Z, Z, Z, Z, Z, Z, Z, Z, Z, Z]
Case #100: [V]
