Case #1: [E, A]
Case #2: [R, I, R]
Case #3: [F, D, T]
Case #4: [Z, E, R, A]
Case #5: []
Case #6: [E, D]
Case #7: [A, W, A, R, E, N, E, S, S]
Case #8: [Z, W, Q]
Case #9: [R, F, D, S, U, R, U, E]
Case #10: [L]
Case #11: [W, S, F, W]
Case #12: [S, E, N, Q, R, A, W, F, E]
Case #13: [A, D, W, S]
Case #14: [O, O, W, S, F, S, W, R]
Case #15: [Q, S, F, Q, Q, R, A, A, U]
Case #16: [Q, A, A, U, S, D, F, R, F]
Case #17: [S, R, W, E, F, F, F, A, I]
Case #18: [E]
Case #19: [R, S, Q, A, A, S, G, A, F]
Case #20: [Q, R, S, M, F, D, D]
Case #21: [E, S, Q, A, O, A]
Case #22: [A, Q, E, A, N, Q, R, N]
Case #23: []
Case #24: []
Case #25: [Q, F, V, S, F, E, E, Q, Q]
Case #26: [J, R, W, Q, A, R, E, S, A]
Case #27: [A]
Case #28: []
Case #29: [S, R, V, R, F, E, V, F]
Case #30: [E, D, R, E, R, D, A, L, R]
Case #31: [O, E, D, A, E, R, Q, R, A]
Case #32: [Q, Q, V, E, R, Q, F, D, D]
Case #33: [S, F, R]
Case #34: [A, T, A, R, E, R, R, S, E]
Case #35: [W, F, Q, L, F, W, D, Q, W]
Case #36: [W, D]
Case #37: [D, S]
Case #38: [D, R, P, P, S]
Case #39: [D, R, L, A, D, Q, E, S, E]
Case #40: [Q, S, F, E, G, Q, A, G]
Case #41: [R, R, F]
Case #42: [R, D, D, D, R]
Case #43: [Q, Q, F, L, W, F, F, S, W]
Case #44: [S, S, W, E, E, J, E, E, F]
Case #45: [A, E, E, E, A, D, W, N, W]
Case #46: [Z, Z, Z, Z, Z]
Case #47: [D, V, S, V, R, A, F, E]
Case #48: [G, F, E, S, Q, W, S, W, W]
Case #49: [F]
Case #50: [F, W]
Case #51: [S, F, D]
Case #52: [R, W, A, H, R]
Case #53: [D, E, C, W, W, W, S, E, E]
Case #54: [S, N, D]
Case #55: [W]
Case #56: [F, R, W, W, Q, D, N, W, W]
Case #57: [Q, R]
Case #58: [B, D]
Case #59: [D, E, A, F, D, E, A, R, S]
Case #60: [E, S, W, W, R, C, A, W, E]
Case #61: [L, D, D, E, Q, W, E, W, E]
Case #62: [E, S, V, E, D, D, V, E]
Case #63: [S]
Case #64: [F, C, F, E, W, R, Q, E, D]
Case #65: [W, Q, Q, D, S, W, F, C, Q]
Case #66: [Q, W, Q, C, A, Q, A, R, A]
Case #67: [Q, D, S, Q, R, F, I, A, A]
Case #68: [E, R, A, A, W, E, E, Q, H]
Case #69: [Q, Q, W, E, R, G, D, F, S]
Case #70: [E, R, W, A, R, J, Q, R, F]
Case #71: [F, S, T, A, D, Q, W, W, R]
Case #72: []
Case #73: [F, D, D, W, S, U, R, D, E]
Case #74: [Q, A, J, R, F, Q, S, S, D]
Case #75: [W]
Case #76: [E, E]
Case #77: [F, T, W, A, Q, F, Q, F, D]
Case #78: [R, R, H, R, D, F]
Case #79: [F]
Case #80: [E, A, F, R, Q, W, L, E, D]
Case #81: [A, D, R, Z, Q, W, W, D, F]
Case #82: [A, E, M]
Case #83: [A, E, W, S, Y, W, A, S, E]
Case #84: [E]
Case #85: [R]
Case #86: [F, Q, S, D]
Case #87: [A, A, A, A, A, A, A, A, A, A]
Case #88: []
Case #89: [N, S, A, W, Q, D, A, R, S]
Case #90: [E, R, R, V, E, A, E, R, A]
Case #91: [S, W, J, W, A, R, S, D, F]
Case #92: [R, E, A, S, S, M, S, S, D]
Case #93: [W, W, W]
Case #94: [Q, Q, S, E, E, S, W, S, J]
Case #95: [F, Q]
Case #96: []
Case #97: [W, W, W, S, R, O, A, E, A]
Case #98: [V, D, W, E, A, W, S, F, F]
Case #99: [L]
Case #100: [F, E, Q, Q, R, I, E, R, S]
