Case #1: [E, A]
Case #2: [R, I, R]
Case #3: [F, D, T]
Case #4: [Z, E, R, A]
Case #5: []
Case #6: [Q, F, E]
Case #7: []
Case #8: [D, Y, A, Q, S]
Case #9: []
Case #10: []
Case #11: [R, R, C, Q, C, Q, S, R]
Case #12: [L, D, R, R, F, D, E, A, R]
Case #13: [S, D, U, Q, Q]
Case #14: [E, E, E]
Case #15: [R, G, F, G, A, E, W, W]
Case #16: [U, F, S, A, F, R, A, W, F]
Case #17: [R, Q, K, S, A, E, Q, D, E]
Case #18: [F, A, D]
Case #19: [R, Q]
Case #20: [Z, Z, Z, Z, Z]
Case #21: [K, D, Q, F, E, Q, A, E, E]
Case #22: [D, R, E, R, E, S, S, R, K]
Case #23: [S, M, R, S, R]
Case #24: [L, E, F, Q, L, W, R, D]
Case #25: [Q]
Case #26: []
Case #27: [Q]
Case #28: [S, F, E, F, J, W, Q, D, W]
Case #29: [Q, F, N, N, Q, D, D, E]
Case #30: [U, A, R, W, A, W, A, A, D]
Case #31: [Q, S, Z, Q, A, A, S, R, D]
Case #32: [E, Q, W, W, F, D, N, E, F]
Case #33: [D, R, P, P, S]
Case #34: [W, F, Q, Y, D]
Case #35: [P, R, W, W, P]
Case #36: [E, J, F, W, D, D, A, W, Q]
Case #37: [Q, Q, W, Q, M, E, F, F, F]
Case #38: [T, D, W, R, Q, S, S, E, A]
Case #39: [W, S, F, Y, E]
Case #40: [E, D, Q, A, Z, Z, R, E]
Case #41: [S, G, F, S, S, W, Q, Q, Q]
Case #42: [D, A, N, R, N, S, A, R]
Case #43: [W, I, Q, Q, Q, F, R, R, Q]
Case #44: [A, W, A, R, E, N, E, S, S]
Case #45: [E]
Case #46: [R, R, W, E, Q, W, W, L, S]
Case #47: []
Case #48: [D, R, E, S, E, S, M, D, S]
Case #49: [F, D, D, K, S, D, F, D, D]
Case #50: [B, Q, F, E, D, W, E, R, Q]
Case #51: [A, A, A, A, A, A, A, A, A, A]
Case #52: [D, R]
Case #53: [O, A, D, S, D, A, A, O]
Case #54: [Q]
Case #55: [A, N, E, D, W, Q, S, E, D]
Case #56: [W, D, F, E, Y, E, D, F, W]
Case #57: [U]
Case #58: [F]
Case #59: [Q, S, F, Q, S, D, F, T, Q]
Case #60: [J, W, A, W, E, F, Q, E, F]
Case #61: [R, R, Q, W, W, W, R, X, A]
Case #62: [A]
Case #63: [S, S, R, X, S, R, S, S, W]
Case #64: [L, L, D, L, W, F, F]
Case #65: []
Case #66: [Q, R]
Case #67: [S, Q, D]
Case #68: [W, D, R, A, D, T, Q, A, R]
Case #69: [S, R, G, S]
Case #70: [Q, E, F, E, U, R, Q, R, A]
Case #71: [R, R, Q, R]
Case #72: [W, E, X, R, E, W, R, A, R]
Case #73: [A, U, E, A, A, D, D, D, A]
Case #74: [H, S, W, S, E, D, E, H]
Case #75: [E, A]
Case #76: [W, U, R, D, D, Q, Q, R, F]
Case #77: [R, F, D, B, Q, W, F, E, F]
Case #78: [D, E, A, F, D, E, A, R, S]
Case #79: [R, S, A, K, A, A, Q, D, W]
Case #80: [W]
Case #81: [I, Q, Q, R, A, Q, I, R]
Case #82: [A, K, E, S, E]
Case #83: [M, R, E, Q, E, R, F, W, E]
Case #84: [Q, R, W, Q, W, E, E, L, A]
Case #85: [E]
Case #86: []
Case #87: [Q]
Case #88: [S, E, Q, Q, E, F, N]
Case #89: [N, R, R]
Case #90: [A]
Case #91: [D]
Case #92: [Q, F, Q, K]
Case #93: [Q, Q, W, E, R, G, D, F, S]
Case #94: [F, A, Q, F, H, A, Q, F, Q]
Case #95: [W, F, F, W, S, E, S, U, D]
Case #96: [E, D]
Case #97: [E, F, R]
Case #98: [S, A, D, S, Q, S, R, K, S]
Case #99: [U, W, E, F, F, S, E, U]
Case #100: [Q]
