Case #1:
Impossible
Case #2:
.
Case #3:
./\..
.\//\
./\\/
.\/..
Case #4:
/\./\/\/\........../\./\/\/\/\../\/\
\/.\/\/\//\/\/\/\/\\/.\/\/\/\//\\/\/
.../\../\\/\/\/\/\/......../\.\//\..
./\\//\\/.../\/\/\/\/\./\/\\//\.\//\
.\/..\/.../\\/\/\/\/\/.\/\/..\//\.\/
./\./\./\.\/./\./\./\/\/\/\./\.\/...
.\/.\/.\/....\/.\/.\/\/\/\/.\/.../\.
/\/\/\/\/\/\./\....../\/\/\/\/\/\\/.
\/\/\/\/\/\/.\//\/\/\\/\/\/\/\/\/...
....../\./\/\..\/\/\/./\./\./\/\/\/\
./\/\.\/.\/\/./\./\./\\/.\/.\/\/\/\/
.\/\//\.......\/.\/.\//\/\/\.../\./\
/\/\.\//\/\./\../\/\/\\/\/\//\.\/.\/
\/\/./\\/\/.\//\\/\/\//\../\\//\....
./\/\\/./\/\/\\/./\...\//\\/..\/./\.
.\/\/./\\/\/\/...\/./\/\\/./\/\/\\/.
../\/\\/./\./\/\./\.\/\/...\/\/\/./\
/\\/\/...\/.\/\/.\/./\./\./\./\./\\/
\//\/\/\/\.../\/\./\\/.\/.\/.\/.\//\
/\\/\/\/\//\.\/\/.\/.../\/\.../\..\/
\/..../\/\\/../\/\/\./\\/\//\.\/./\.
./\./\\/\/../\\/\/\/.\/....\/../\\/.
.\/.\//\/\/\\/./\/\./\/\./\/\/\\/./\
./\/\.\/\/\/./\\/\/.\/\/.\/\/\/./\\/
.\/\//\/\....\//\/\./\.../\.....\//\
/\/\.\/\/./\./\\/\/.\/./\\//\/\...\/
\/\/./\./\\/.\/./\/\./\\//\\/\//\...
/\./\\/.\/......\/\/.\//\\/./\.\//\.
\/.\//\./\/\./\...../\.\/./\\//\.\/.
.....\/.\/\/.\//\/\.\/....\//\\/../\
./\/\......../\\/\//\./\/\..\/./\.\/
.\/\/./\/\/\.\/....\/.\/\//\...\/...
./\./\\/\/\/./\/\/\/\/\/\.\//\/\./\.
.\/.\/./\./\.\/\/\/\/\/\//\.\/\/.\/.
/\./\/\\/.\/../\./\../\/\\//\/\/\./\
\/.\/\/..../\.\/.\//\\/\//\\/\/\/.\/
/\/\./\/\/\\//\/\/\\//\/\\/.../\/\/\
\/\/.\/\/\//\\/\/\/..\/\//\./\\/\/\/
./\./\/\./\\/.../\/\/\/\.\/.\/......
.\/.\/\/.\/./\/\\/\/\/\/../\../\/\/\
./\......./\\/\/../\/\./\.\//\\/\/\/
.\//\./\/\\//\/\/\\/\/.\//\.\/./\/\.
...\/.\/\/..\/\/\/.......\/....\/\/.
Case #5:
/\./\./\/\/\/\/\/\/\/\/\/\/\/\/\./\./\./\.
\/.\/.\/\/\/\/\/\/\/\/\/\/\/\/\/.\/.\/.\/.
/\/\/\/\/\/\/\/\/\./\/\./\/\/\/\/\/\/\/\/\
\/\/\/\/\/\/\/\/\/.\/\/.\/\/\/\/\/\/\/\/\/
/\/\/\/\/\/\./\/\/\/\/\/\/\/\/\/\./\/\/\/\
\/\/\/\/\/\/.\/\/\/\/\/\/\/\/\/\/.\/\/\/\/
../\/\/\/\./\/\./\./\./\/\/\/\/\./\/\/\/\.
/\\/\/\/\/.\/\/.\/.\/.\/\/\/\/\/.\/\/\/\/.
\//\../\/\./\/\./\/\./\/\/\./\/\/\/\/\/\/\
/\\//\\/\/.\/\/.\/\/.\/\/\/.\/\/\/\/\/\/\/
\//\\/../\/\/\/\/\./\/\/\/\/\./\/\/\/\/\/\
/\\/../\\/\/\/\/\/.\/\/\/\/\/.\/\/\/\/\/\/
\/../\\/../\/\./\/\./\/\./\/\./\/\/\/\/\..
../\\/../\\/\/.\/\/.\/\/.\/\/.\/\/\/\/\/..
/\\//\/\\/../\/\/\/\/\/\/\./\./\./\./\./\.
\/..\/\/../\\/\/\/\/\/\/\/.\/.\/.\/.\/.\/.
../\/\/\/\\/../\/\/\/\/\/\/\/\/\/\/\/\/\..
/\\/\/\/\//\/\\/\/\/\/\/\/\/\/\/\/\/\/\/..
\//\/\/\/\\/\//\../\/\/\/\/\/\/\/\/\/\/\/\
/\\/\/\/\/../\\//\\/\/\/\/\/\/\/\/\/\/\/\/
\//\../\/\/\\//\\//\/\/\/\/\/\/\./\/\/\/\.
/\\//\\/\/\//\\//\\/\/\/\/\/\/\/.\/\/\/\/.
\//\\/../\/\\//\\//\/\/\./\/\./\/\/\/\/\..
/\\/../\\/\//\\//\\/\/\/.\/\/.\/\/\/\/\/..
\//\/\\//\/\\/..\//\../\/\/\/\./\/\/\./\..
/\\/\//\\/\/../\/\\//\\/\/\/\/.\/\/\/.\/..
\//\/\\//\/\/\\/\//\\//\/\/\/\./\/\./\./\.
..\/\/..\/\/\/....\//\\/\/\/\/.\/\/.\/.\/.
/\/\/\/\/\../\/\/\..\//\/\../\/\/\/\/\./\.
\/\/\/\/\//\\/\/\//\/\\/\//\\/\/\/\/\/.\/.
/\/\/\/\/\\//\....\/\//\..\/../\/\./\/\./\
\/\/\/\/\/..\//\/\/\..\//\/\/\\/\/.\/\/.\/
/\/\/\..../\/\\/\/\//\/\\/\/\//\/\./\/\/\.
\/\/\//\/\\/\//\/\..\/\//\/\/\\/\/.\/\/\/.
/\/\..\/\//\..\/\//\/\..\/\/\//\../\/\./\.
\/\//\/\/\\//\/\/\\/\//\/\/\..\//\\/\/.\/.
/\/\\/\/\//\\/\/\//\..\/\/\//\..\//\/\/\/\
\/\//\/\/\\/..../\\//\/\....\//\/\\/\/\/\/
/\..\/\/\//\/\/\\/..\/\//\/\/\\/\//\/\/\..
\//\/\../\\/\/\//\/\/\/\\/\/\//\..\/\/\/..
/\\/\//\\//\../\\/\/\/\//\/\..\//\/\..../\
\//\/\\/..\//\\//\../\/\\/\//\..\/\//\/\\/
..\/\/../\..\//\\//\\/\//\..\//\/\..\/\//\
........\/....\/..\/....\/....\/\/......\/
Case #6:
./\....../\/\/\/\......./\../\/\./\./\../\/\...
.\/./\/\.\/\/\/\//\/\/\.\//\\/\/.\/.\//\\/\//\.
....\/\//\/\/\/\.\/\/\/./\\/./\./\/\..\//\/\\/.
/\/\/\/\\/\/\/\//\/\./\.\/...\/.\/\//\..\/\/./\
\/\/\/\/./\./\..\/\/.\//\./\/\./\./\\//\/\./\\/
/\/\/\...\/.\/./\/\../\\/.\/\/.\/.\/..\/\/.\//\
\/\/\//\/\.../\\/\//\\//\../\/\../\/\.../\/\.\/
/\/\/\\/\//\.\/./\.\/..\//\\/\//\\/\//\.\/\//\.
\/\/\/....\/./\.\/./\/\/\\/./\.\/....\//\...\/.
.../\../\/\..\//\/\\/\/\/...\//\/\/\...\/./\...
/\.\//\\/\//\/\\/\/../\.../\..\/\/\/./\/\.\/./\
\//\.\/../\\/\//\../\\//\.\/./\/\/\/\\/\/....\/
..\/.../\\/./\.\//\\/..\/....\/\/\/\//\/\/\./\.
/\/\/\.\/./\\/./\\//\/\/\/\/\/\/\./\.\/\/\/.\/.
\/\/\/....\/./\\//\\/\/\/\/\/\/\/.\/./\/\/\/\/\
/\./\../\/\/\\//\\//\/\.../\/\./\/\/\\/\/\/\/\/
\/.\//\\/\/\/..\/..\/\/./\\/\/.\/\/\/../\/\/\..
/\...\/./\/\../\/\./\./\\/./\/\/\/\/\/\\/\/\//\
\//\/\/\\/\//\\/\/.\/.\/...\/\/\/\/\/\/..../\\/
/\\/\/\/....\/../\.../\/\/\/\./\../\/\/\/\.\/..
\//\./\/\/\./\/\\//\.\/\/\/\/.\//\\/\/\/\//\./\
/\\/.\/\/\/.\/\//\\/./\......./\\//\./\/\.\/.\/
\//\/\/\/\../\/\\/...\/./\./\.\/..\/.\/\/./\./\
..\/\/\/\//\\/\/.../\./\\/.\//\/\../\./\..\/.\/
/\/\./\./\\/..../\.\/.\/./\/\\/\//\\/.\//\/\./\
\/\/.\/.\//\/\/\\/../\/\.\/\//\/\\/.....\/\/.\/
/\/\/\....\/\/\//\/\\/\/./\..\/\/./\/\/\/\/\./\
\/\/\/./\./\./\.\/\/../\.\//\../\.\/\/\/\/\/.\/
/\./\/\\/.\/.\//\/\./\\//\.\//\\/...../\/\/\...
\/.\/\//\./\./\\/\/.\//\\//\.\/../\/\.\/\/\/./\
/\/\./\\/.\/.\//\.../\\/..\//\/\.\/\/.../\...\/
\/\/.\/../\./\.\//\.\//\./\.\/\//\../\/\\//\./\
......./\\/.\//\.\//\.\/.\//\/\.\//\\/\//\\/.\/
./\/\/\\/.....\//\.\//\./\.\/\/./\\//\/\\/./\/\
.\/\/\/.../\/\..\//\.\/.\/..../\\//\\/\/...\/\/
/\.../\/\.\/\/./\.\/....../\/\\/..\/...../\....
\//\.\/\//\../\\/../\/\./\\/\/.../\./\./\\/./\.
/\\/.....\//\\//\/\\/\/.\//\/\/\.\/.\/.\/...\/.
\//\/\/\./\\//\\/\/./\....\/\/\/..../\/\./\/\..
..\/\/\/.\/..\/.....\/./\../\/\/\/\.\/\/.\/\//\
/\/\/\/\.../\/\/\./\/\.\//\\/\/\/\//\./\/\...\/
\/\/\/\//\.\/\/\/.\/\/...\//\../\/\\/.\/\/./\/\
.../\/\.\//\/\/\/\/\../\/\.\//\\/\//\/\/\/\\/\/
./\\/\//\.\/\/\/\/\//\\/\//\.\//\/\\/\/\/\/./\.
.\//\/\\/../\.../\..\//\..\/./\\/\/./\/\/\..\/.
...\/\//\/\\/./\\/./\.\/./\..\/./\..\/\/\/./\/\
./\/\/\\/\/...\/...\//\..\/./\..\//\./\....\/\/
.\/\/\/./\./\./\./\/\\//\/\.\/./\.\/.\//\/\/\/\
........\/.\/.\/.\/\/..\/\/....\/......\/\/\/\/
Case #7:
/\/\/\/\/\/\/\/\/\/\/\/\./\./\./\/\/\/\/\.
\/\/\/\/\/\/\/\/\/\/\/\/.\/.\/.\/\/\/\/\/.
/\/\./\./\/\/\/\/\./\/\/\/\/\./\./\/\./\/\
\/\/.\/.\/\/\/\/\/.\/\/\/\/\/.\/.\/\/.\/\/
/\/\/\/\./\/\/\/\./\./\/\/\./\/\./\/\/\/\.
\/\/\/\/.\/\/\/\/.\/.\/\/\/.\/\/.\/\/\/\/.
/\../\/\/\/\/\/\/\./\/\./\./\./\/\/\/\./\.
\//\\/\/\/\/\/\/\/.\/\/.\/.\/.\/\/\/\/.\/.
/\\//\../\/\/\./\/\./\/\/\/\./\./\/\/\./\.
\//\\//\\/\/\/.\/\/.\/\/\/\/.\/.\/\/\/.\/.
/\\//\\//\/\/\./\/\./\./\./\/\/\/\/\./\/\.
\//\\//\\/\/\/.\/\/.\/.\/.\/\/\/\/\/.\/\/.
/\\/..\//\/\/\./\/\./\/\./\/\/\./\/\/\./\.
\//\/\/\\/\/\/.\/\/.\/\/.\/\/\/.\/\/\/.\/.
..\/\/\//\..../\/\/\/\/\/\./\/\/\/\/\/\./\
/\/\....\//\/\\/\/\/\/\/\/.\/\/\/\/\/\/.\/
\/\//\/\..\/\//\/\/\/\./\/\/\/\/\/\/\./\..
/\/\\/\//\../\\/\/\/\/.\/\/\/\/\/\/\/.\/..
\/\//\/\\//\\//\../\/\/\/\/\./\/\/\/\/\./\
/\..\/\//\\/..\//\\/\/\/\/\/.\/\/\/\/\/.\/
\//\/\..\//\/\..\/../\/\/\/\/\/\./\/\/\/\.
/\\/\//\/\\/\//\../\\/\/\/\/\/\/.\/\/\/\/.
\//\/\\/\//\/\\//\\/../\/\/\/\./\/\./\/\/\
/\\/\/../\\/\/..\//\/\\/\/\/\/.\/\/.\/\/\/
\//\../\\//\/\/\/\\/\//\/\./\/\/\/\./\./\.
/\\//\\/..\/\/\/\/....\/\/.\/\/\/\/.\/.\/.
\//\\//\/\......../\/\/\/\/\./\/\/\./\/\/\
..\//\\/\//\/\/\/\\/\/\/\/\/.\/\/\/.\/\/\/
/\..\//\/\\/\/\/\//\/\/\/\/\/\./\./\/\./\.
\//\/\\/\/..../\..\/\/\/\/\/\/.\/.\/\/.\/.
/\\/\//\../\/\\//\..../\../\/\/\./\/\/\/\.
\//\/\\//\\/\/..\//\/\\//\\/\/\/.\/\/\/\/.
..\/\/..\/..../\/\\/\/..\//\/\/\/\/\/\/\..
/\..../\../\/\\/\//\../\/\\/\/\/\/\/\/\/..
\//\/\\//\\/\/../\\//\\/\//\/\/\/\/\/\./\.
/\\/\//\\//\../\\//\\/../\\/\/\/\/\/\/.\/.
\//\/\\//\\//\\/..\//\/\\//\/\..../\/\./\.
..\/\/..\/..\//\/\/\\/\//\\/\//\/\\/\/.\/.
/\/\../\/\/\/\\/\/\//\..\//\/\\/\//\/\/\/\
\/\//\\/\/\/\/../\/\\//\/\\/\//\/\\/\/\/\/
....\//\../\/\/\\/\//\\/\/....\/\//\/\/\/\
/\/\/\\//\\/\/\//\..\/../\/\/\../\\/\/\/\/
\/\/\//\\/......\//\/\/\\/\/\//\\//\/\/\/\
......\/..........\/\/\/......\/..\/\/\/\/
Case #8:
Impossible
Case #9:
../\....../\...../\......
/\\//\/\/\\/./\/\\/./\/\.
\//\\/\/\//\.\/\/./\\/\/.
/\\//\/\/\\/./\./\\/.....
\/..\/\/\/...\/.\//\./\/\
/\/\/\..../\./\./\\/.\/\/
\/\/\//\/\\/.\/.\/./\../\
./\...\/\/.../\/\/\\//\\/
.\//\/\./\./\\/\/\//\\//\
/\.\/\/.\/.\/......\/..\/
\/./\/\/\/\/\/\./\../\./\
/\.\/\/\/\/\/\/.\//\\/.\/
\/.../\/\./\/\./\.\/../\.
../\.\/\/.\/\/.\//\/\.\/.
/\\/./\/\/\/\../\\/\/../\
\/./\\/\/\/\//\\//\/\/\\/
./\\/.../\/\.\/..\/\/\/..
.\/./\/\\/\/../\..../\./\
./\.\/\/./\/\.\//\/\\/.\/
.\//\....\/\/./\\/\/./\/\
...\//\/\./\/\\/.....\/\/
/\./\\/\/.\/\/./\./\./\/\
\/.\/./\/\/\/\.\/.\/.\/\/
./\/\.\/\/\/\/./\/\/\/\..
.\/\//\........\/\/\/\//\
./\..\//\./\/\......./\\/
.\//\/\\/.\/\/./\./\.\//\
...\/\/./\/\...\/.\//\.\/
./\.../\\/\//\......\/./\
.\/./\\//\/\\/./\/\./\.\/
/\/\\//\\/\/./\\/\/.\/...
\/\/..\//\...\//\./\./\/\
./\/\...\//\/\.\/.\/.\/\/
.\/\//\...\/\//\/\/\.../\
./\..\/./\....\/\/\//\.\/
.\/./\..\/./\/\.../\\//\.
....\//\/\.\/\/./\\//\\/.
./\./\\/\/../\..\//\\//\.
.\/.\/./\./\\/./\.\//\\/.
/\/\./\\/.\/./\\//\.\/...
\/\/.\/../\/\\//\\//\./\.
/\./\/\/\\/\//\\/..\/.\/.
\/.\/\/\/./\.\//\/\......
./\/\../\.\/...\/\/./\/\.
.\/\//\\/./\/\./\/\.\/\/.
.....\/./\\/\/.\/\/../\/\
./\/\./\\//\../\/\./\\/\/
.\/\/.\//\\//\\/\/.\/../\
/\/\./\.\//\\//\/\/\./\\/
\/\/.\/...\/..\/\/\/.\/..
Case #10:
/\/\./\../\../\.../\/\./\/\/\
\/\/.\//\\//\\/./\\/\/.\/\/\/
/\./\/\\//\\//\.\//\../\/\./\
\/.\/\/..\//\\/...\//\\/\/.\/
/\../\/\/\.\//\/\./\\//\.../\
\//\\/\/\/./\\/\/.\/..\/./\\/
..\//\/\./\\/.../\/\./\..\//\
/\..\/\/.\/.../\\/\/.\/./\.\/
\/./\./\./\./\\//\../\/\\/./\
...\/.\/.\/.\//\\//\\/\//\.\/
/\/\..........\//\\//\..\/./\
\/\/./\/\/\/\/\.\/..\//\...\/
.../\\/\/\/\/\/../\./\\/./\/\
./\\/../\/\/\./\.\/.\/...\/\/
.\//\/\\/\/\/.\//\/\/\/\../\.
./\\/\//\./\/\/\\/\/\/\//\\/.
.\/../\\/.\/\/\/.../\./\\/...
/\./\\/..../\.../\.\/.\/./\/\
\/.\/./\./\\/./\\/./\....\/\/
/\....\/.\/./\\/...\//\/\/\/\
\//\/\/\/\/\\/./\./\.\/\/\/\/
/\\/\/\/\/\/./\\/.\/.../\/\/\
\//\/\/\./\/\\//\./\/\.\/\/\/
/\\/\/\/.\/\/..\/.\/\/./\../\
\/../\.../\/\./\/\./\..\//\\/
../\\/./\\/\/.\/\/.\//\/\\//\
/\\/...\/.../\/\./\..\/\/..\/
\//\/\/\/\/\\/\/.\//\../\/\..
/\\/\/\/\/\/..../\.\//\\/\//\
\/../\.../\/\/\.\/./\\/./\.\/
/\/\\/./\\/\/\//\..\/...\/./\
\/\//\.\/./\/\.\//\../\./\.\/
....\/./\.\/\/...\//\\/.\/./\
/\/\/\.\/./\./\/\..\/../\/\\/
\/\/\//\..\/.\/\//\./\.\/\/..
......\//\./\/\..\/.\/./\./\.
./\./\/\\/.\/\//\./\./\\/.\/.
.\/.\/\/.......\/.\/.\/......
Case #11:
Impossible
Case #12:
Impossible
Case #13:
/\../\....../\.../\/\../\./\./\/\./\/\/\....
\//\\/./\/\.\//\.\/\//\\/.\/.\/\/.\/\/\/./\.
/\\/./\\/\/./\\/../\.\/./\/\./\/\/\/\/\/\\/.
\//\.\/./\/\\/../\\/../\\/\/.\/\/\/\/\/\/./\
/\\/....\/\//\/\\/./\.\/./\.../\/\/\./\./\\/
\//\/\./\...\/\/...\/../\\//\.\/\/\/.\/.\/..
/\\/\/.\/./\./\./\.../\\//\\/./\/\/\../\/\/\
\//\/\./\.\/.\/.\//\.\//\\/./\\/\/\//\\/\/\/
..\/\/.\/./\/\./\.\/...\/./\\//\....\/./\/\.
./\.../\/\\/\/.\//\/\/\/\.\//\\/./\/\..\/\/.
.\/./\\/\/./\/\/\\/\/\/\/./\\//\.\/\/./\....
../\\/./\/\\/\/\/./\/\....\//\\/.../\.\//\/\
/\\//\.\/\//\.../\\/\/./\...\/.../\\//\.\/\/
\/..\//\./\\//\.\//\/\.\//\..../\\//\\/.....
/\/\..\/.\//\\//\.\/\/...\/./\.\/..\//\/\/\.
\/\//\./\/\\//\\/./\/\/\/\/\\/../\...\/\/\/.
....\/.\/\//\\/...\/\/\/\/\/./\.\//\/\/\....
/\/\./\/\/\\//\/\/\/\...../\.\/./\\/\/\//\/\
\/\/.\/\/\//\\/\/\/\//\./\\/....\/..../\\/\/
/\/\../\/\.\//\/\./\.\/.\/.../\/\./\/\\//\/\
\/\//\\/\//\.\/\/.\//\../\/\.\/\/.\/\/..\/\/
/\/\\/./\.\/../\/\/\\//\\/\/../\./\/\/\./\/\
\/\//\.\//\./\\/\/\//\\//\./\.\/.\/\/\/.\/\/
/\/\\//\.\/.\/..../\\//\\/.\//\......./\/\/\
\/\//\\/./\/\/\/\.\/..\//\/\.\/./\./\.\/\/\/
/\..\/./\\/\/\/\//\../\.\/\/../\\/.\/./\/\/\
\/./\/\\/./\../\.\//\\//\/\/\.\//\./\.\/\/\/
./\\/\//\.\//\\/...\/..\/\/\/./\\/.\/.../\/\
.\//\/\\/./\\//\./\/\/\../\...\/../\/\/\\/\/
./\\/\/./\\/..\/.\/\/\//\\//\.../\\/\/\/./\.
.\/../\.\//\./\........\/..\/./\\//\.../\\/.
/\/\.\/./\\/.\//\./\./\../\/\.\//\\/./\\/./\
\/\//\/\\/./\/\\/.\/.\//\\/\//\.\/...\/...\/
./\.\/\//\.\/\/...../\.\/./\.\/./\/\.../\/\.
.\/./\/\\//\./\/\/\.\//\..\/....\/\/./\\/\/.
/\/\\/\//\\/.\/\/\/...\//\./\./\/\/\.\//\./\
\/\/./\.\/./\/\..../\...\/.\/.\/\/\//\.\/.\/
/\/\.\/./\.\/\//\/\\//\./\./\/\./\/\\//\/\/\
\/\/....\/.....\/\/..\/.\/.\/\/.\/\/..\/\/\/
Case #14:
../\/\....../\......./\..../\......./\
/\\/\//\./\.\//\/\./\\/./\.\//\/\./\\/
\/../\\/.\/./\\/\/.\/./\\/./\\/\/.\//\
../\\/./\./\\/.../\...\/./\\//\/\...\/
/\\//\.\/.\/./\/\\//\./\.\//\\/\//\./\
\/..\//\/\./\\/\//\\/.\/...\//\/\\/.\/
./\/\.\/\/.\/....\//\./\./\..\/\/../\.
.\/\/..../\/\./\./\\/.\/.\/./\./\/\\/.
./\../\/\\/\/.\/.\//\/\./\/\\/.\/\/...
.\//\\/\/../\/\/\..\/\/.\/\/../\./\./\
./\\/.../\.\/\/\/./\/\./\../\.\/.\/.\/
.\/.../\\/./\/\...\/\/.\//\\/./\/\/\/\
./\./\\/./\\/\/./\.......\/./\\/\/\/\/
.\/.\/./\\//\...\/./\/\./\/\\/./\.../\
/\/\/\.\//\\/./\...\/\/.\/\//\.\//\.\/
\/\/\//\.\/...\/./\./\/\/\..\//\.\//\.
.../\.\//\/\/\./\\/.\/\/\//\/\\//\.\/.
/\.\/...\/\/\/.\/...../\/\\/\/..\//\/\
\/../\/\/\......./\./\\/\/.../\./\\/\/
./\.\/\/\//\/\/\.\/.\/./\/\/\\/.\//\..
.\/../\/\.\/\/\/../\./\\/\/\/../\.\//\
./\/\\/\//\/\/\./\\/.\//\/\./\.\/./\\/
.\/\//\/\\/\/\/.\//\/\.\/\/.\//\/\\//\
.../\\/\//\/\/\...\/\/./\/\/\.\/\/..\/
/\.\//\/\\/\/\//\/\../\\/\/\//\../\/\.
\/./\\/\//\/\..\/\//\\//\/\..\//\\/\/.
/\.\/./\.\/\/./\...\//\\/\//\/\\/./\..
\/./\.\/./\...\/./\..\/....\/\//\.\//\
/\.\/....\/./\/\.\//\../\/\....\//\.\/
\/..../\....\/\/...\//\\/\/./\/\.\//\.
/\./\.\//\/\/\.../\..\/./\/\\/\//\.\/.
\/.\/./\\/\/\/./\\/./\/\\/\/./\.\/./\.
......\/.......\/./\\/\/./\..\//\..\/.
/\./\/\/\/\./\/\..\/./\/\\//\/\\//\/\.
\/.\/\/\/\/.\/\/./\..\/\//\\/\//\\/\/.
/\/\/\./\/\......\//\./\.\//\/\\//\...
\/\/\/.\/\//\./\...\/.\//\.\/\//\\/./\
./\./\/\...\/.\/./\../\.\/./\/\\/...\/
.\/.\/\/./\/\./\.\//\\/....\/\//\/\...
.../\../\\/\/.\/./\\/./\./\../\\/\//\.
./\\//\\//\.../\.\//\.\/.\//\\/./\.\/.
.\/..\//\\/./\\//\.\/./\...\/...\//\/\
.../\/\\/./\\/..\/./\.\/./\./\./\.\/\/
/\.\/\/./\\/./\/\/\\/....\/.\/.\/.....
\/./\/\.\//\.\/\/\//\/\./\../\/\/\/\/\
./\\/\/...\//\/\...\/\/.\//\\/\/\/\/\/
.\/./\/\./\.\/\//\.../\/\.\//\../\/\/\
./\.\/\/.\/./\/\\//\.\/\/./\\//\\/\/\/
.\/.........\/\/..\/......\/..\/......
Case #15:
/\/\/\/\/\./\/\/\./\/\./\./\/\/\./\
\/\/\/\/\/.\/\/\/.\/\/.\/.\/\/\/.\/
../\/\./\./\/\/\/\./\/\/\/\/\/\/\/\
/\\/\/.\/.\/\/\/\/.\/\/\/\/\/\/\/\/
\//\/\/\/\/\/\/\./\/\./\/\./\/\/\/\
..\/\/\/\/\/\/\/.\/\/.\/\/.\/\/\/\/
/\/\/\/\/\./\/\./\./\/\/\/\/\./\/\.
\/\/\/\/\/.\/\/.\/.\/\/\/\/\/.\/\/.
/\/\../\/\./\/\/\./\./\/\./\/\/\./\
\/\//\\/\/.\/\/\/.\/.\/\/.\/\/\/.\/
/\/\\/..../\/\./\./\/\./\/\./\/\./\
\/\//\/\/\\/\/.\/.\/\/.\/\/.\/\/.\/
....\/\/\//\/\/\./\/\/\/\/\/\./\./\
/\/\..../\\/\/\/.\/\/\/\/\/\/.\/.\/
\/\//\/\\//\/\/\/\/\./\./\./\/\/\/\
/\/\\/\//\\/\/\/\/\/.\/.\/.\/\/\/\/
\/\//\/\\//\/\../\/\./\./\/\/\/\/\.
../\\/\/..\/\//\\/\/.\/.\/\/\/\/\/.
/\\//\/\/\/\..\//\/\/\./\./\/\/\./\
\//\\/\/\/\//\/\\/\/\/.\/.\/\/\/.\/
/\\//\/\/\/\\/\//\/\/\/\/\/\/\./\/\
\//\\/\/\/\/....\/\/\/\/\/\/\/.\/\/
/\\/..../\../\/\/\..../\/\/\/\./\/\
\//\/\/\\//\\/\/\//\/\\/\/\/\/.\/\/
..\/\/\/..\/../\/\\/\/../\/\/\/\./\
/\/\/\/\/\../\\/\//\../\\/\/\/\/.\/
\/\/\/\/\//\\//\/\\//\\//\/\/\/\./\
/\../\/\/\\//\\/\/..\/..\/\/\/\/.\/
\//\\/\/\//\\//\/\/\/\/\/\/\/\/\/\.
/\\//\/\..\/..\/\/\/\/\/\/\/\/\/\/.
\//\\/\//\/\/\/\/\/\/\/\/\/\/\/\./\
/\\//\/\\/\/\/\/\/\/\/\/\/\/\/\/.\/
\/..\/\//\/\/\/\/\/\....../\/\../\.
/\/\/\/\\/\/\/\/\/\//\/\/\\/\//\\/.
\/\/\/\/............\/\/\/....\/...
Case #16:
Impossible
Case #17:
./\/\/\/\/\/\/\./\..../\./\./\
.\/\/\/\/\/\/\/.\/./\.\/.\/.\/
...../\....../\/\..\/.../\....
./\/\\//\./\.\/\//\/\/\.\/./\.
.\/\//\\/.\//\./\\/\/\//\/\\/.
.....\/.....\/.\/.../\.\/\//\.
/\/\.../\/\./\/\/\/\\//\...\/.
\/\//\.\/\/.\/\/\/\//\\//\....
....\//\/\....../\..\/..\//\/\
/\/\..\/\/./\./\\/./\/\/\.\/\/
\/\//\./\..\/.\//\.\/\/\/./\..
/\/\\/.\/./\....\/./\./\/\\//\
\/\//\....\//\/\./\\/.\/\//\\/
/\/\\//\./\.\/\/.\//\/\...\/..
\/\//\\/.\//\./\...\/\/./\./\.
/\..\//\./\\/.\//\./\/\.\/.\/.
\/./\.\/.\//\./\\/.\/\/./\/\/\
...\/./\...\/.\/./\/\/\.\/\/\/
./\/\.\//\./\../\\/\/\//\/\...
.\/\//\.\/.\//\\/../\/\\/\//\.
/\./\\//\./\.\/./\.\/\/....\/.
\/.\//\\/.\/../\\/..../\/\/\/\
../\.\//\/\/\.\/./\/\.\/\/\/\/
/\\/...\/\/\/./\.\/\/..../\/\.
\/./\/\/\.../\\/..../\/\.\/\/.
./\\/\/\/./\\/./\./\\/\/.../\.
.\/./\....\//\.\/.\/./\./\.\/.
....\/./\/\.\/.......\/.\/../\
./\/\/\\/\//\./\/\/\./\/\./\\/
.\/\/\/....\/.\/\/\/.\/\/.\/..
Case #18:
/\./\/\/\/\/\./\./\/\/\/\./\./\/\/\.
\/.\/\/\/\/\/.\/.\/\/\/\/.\/.\/\/\/.
/\/\./\/\/\/\/\/\/\/\./\/\/\/\./\/\.
\/\/.\/\/\/\/\/\/\/\/.\/\/\/\/.\/\/.
/\/\/\/\./\./\/\/\/\./\/\./\/\/\/\..
\/\/\/\/.\/.\/\/\/\/.\/\/.\/\/\/\/..
/\/\/\/\./\./\/\./\./\/\/\./\/\/\/\.
\/\/\/\/.\/.\/\/.\/.\/\/\/.\/\/\/\/.
/\/\/\../\./\/\./\/\/\/\/\./\/\./\..
\/\/\//\\/.\/\/.\/\/\/\/\/.\/\/.\/..
..../\\//\/\./\/\/\./\/\/\/\/\/\/\..
/\/\\//\\/\/.\/\/\/.\/\/\/\/\/\/\/..
\/\//\\//\/\/\/\/\/\/\/\/\/\./\/\./\
/\/\\//\\/\/\/\/\/\/\/\/\/\/.\/\/.\/
\/\//\\//\/\../\/\/\/\/\./\/\/\/\/\.
/\/\\/..\/\//\\/\/\/\/\/.\/\/\/\/\/.
\/\/../\/\/\\//\/\/\/\./\/\/\/\/\/\.
/\/\/\\/\/\//\\/\/\/\/.\/\/\/\/\/\/.
\/\/\//\....\//\/\/\/\/\/\./\/\./\/\
/\../\\//\/\/\\/\/\/\/\/\/.\/\/.\/\/
\//\\//\\/\/\//\/\/\/\/\/\/\/\./\./\
/\\//\\/../\/\\/\/\/\/\/\/\/\/.\/.\/
\//\\/../\\/\//\/\/\/\/\/\/\/\/\/\..
/\\/../\\//\/\\/\/\/\/\/\/\/\/\/\/..
\//\/\\//\\/\//\/\/\../\/\./\/\/\/\.
/\\/\//\\//\/\\/\/\//\\/\/.\/\/\/\/.
\/....\/..\/\/......\/..............
Case #19:
/\/\/\..../\../\/\...../\...../\/\/\..../\./\/\.
\/\/\//\/\\//\\/\/./\/\\//\./\\/\/\/./\.\/.\/\/.
/\/\/\\/\/..\//\/\.\/\/..\/.\//\/\/\.\/../\./\..
\/\/\/.../\./\\/\/../\/\/\/\/\\/\/\/../\.\/.\//\
/\./\./\.\/.\/./\/\.\/\/\/\/\//\/\../\\/./\/\.\/
\/.\/.\/.../\..\/\//\/\..../\.\/\//\\//\.\/\/./\
./\/\/\/\/\\/./\...\/\//\/\\//\./\\/..\/./\./\\/
.\/\/\/\/\/./\\//\./\..\/\/..\/.\/./\/\/\\/.\/..
/\./\/\./\/\\/..\/.\//\.../\...../\\/\/\/...../\
\/.\/\/.\/\//\./\../\\//\.\/./\/\\/../\/\/\./\\/
/\/\........\/.\//\\//\\//\/\\/\//\/\\/\/\/.\/..
\/\//\./\./\.../\\/..\/..\/\/../\\/\/...../\./\.
../\\/.\/.\//\.\/../\/\./\/\./\\/.../\/\/\\/.\/.
/\\//\/\/\..\//\/\.\/\/.\/\/.\/./\/\\/\/\/../\/\
\/..\/\/\/./\.\/\/./\./\/\/\/\/\\/\//\.../\.\/\/
../\./\/\/\\//\./\.\/.\/\/\/\/\/./\.\//\.\/./\/\
/\\/.\/\/\/..\/.\//\..../\..../\.\/...\/....\/\/
\/..../\../\..../\\/./\.\/./\.\//\/\./\/\/\../\.
./\./\\//\\/./\.\/...\//\/\\/./\\/\/.\/\/\//\\/.
.\/.\//\\//\.\/../\/\..\/\//\.\/./\...../\.\/./\
......\//\\/.../\\/\/./\/\.\/./\.\//\/\.\/../\\/
/\./\...\//\/\.\//\...\/\//\/\\/./\\/\//\/\.\//\
\/.\/./\/\\/\//\.\/./\....\/\/./\\//\/\\/\/...\/
/\../\\/\/....\//\..\/./\..../\\/..\/\/./\/\./\.
\//\\/./\./\./\.\/./\/\\/./\.\//\./\../\\/\/.\/.
..\/...\/.\/.\//\..\/\//\.\//\.\/.\//\\//\./\/\.
/\/\./\./\.../\\//\../\\/./\\/......\//\\/.\/\/.
\/\/.\/.\//\.\//\\//\\/...\//\/\/\/\/\\/./\./\/\
....../\..\/./\\//\\//\./\..\/\/\/\/\/...\/.\/\/
/\/\/\\//\./\\//\\//\\/.\/./\/\/\/\./\/\./\.../\
\/\/\/..\/.\//\\/..\//\../\\/\/\/\/.\/\/.\//\.\/
./\./\/\/\/\.\//\./\.\//\\//\./\/\./\./\/\.\//\.
.\/.\/\/\/\/...\/.\/...\/..\/.\/\/.\/.\/\/...\/.
Case #20:
Impossible
Case #21:
Impossible
Case #22:
Impossible
Case #23:
../\./\/\/\.........../\/\/\.../\./\/\./\/\....
/\\/.\/\/\//\/\/\./\/\\/\/\/./\\/.\/\/.\/\//\/\
\//\.../\/\\/\/\/.\/\/./\./\.\/..../\./\/\.\/\/
/\\//\.\/\/.../\/\/\./\\/.\/../\/\.\/.\/\//\/\.
\//\\/./\./\/\\/\/\/.\/./\./\.\/\//\/\....\/\/.
..\//\.\/.\/\//\/\./\/\.\/.\//\./\\/\//\/\../\.
./\.\/../\./\.\/\/.\/\/.../\.\/.\/./\.\/\//\\/.
.\//\./\\/.\//\.../\/\/\/\\//\.....\//\/\.\//\.
/\.\/.\//\/\.\/./\\/\/\/\//\\/./\./\.\/\/./\\/.
\/../\/\\/\//\..\/..../\..\/./\\/.\/./\/\.\//\.
./\.\/\//\/\\//\.../\.\//\...\/.../\.\/\/...\/.
.\/.../\\/\/..\/./\\/./\\/./\/\/\.\/./\/\/\....
/\/\/\\//\/\./\..\//\.\//\.\/\/\//\..\/\/\//\/\
\/\/\//\\/\/.\/./\.\//\.\//\./\/\\//\/\/\/\\/\/
......\/./\/\/\.\/./\\//\.\/.\/\//\\/\/\/\/../\
./\./\...\/\/\//\/\\/..\//\./\./\\//\..../\/\\/
.\/.\//\/\/\...\/\/../\..\/.\/.\/..\/./\.\/\/..
/\/\/\\/\/\//\/\./\/\\/./\/\/\/\/\/\/\\/./\../\
\/\/\//\/\/\\/\/.\/\/...\/\/\/\/\/\/\/./\\//\\/
/\....\/\/\/.../\/\/\/\/\/\.../\./\....\//\\/..
\/./\../\./\./\\/\/\/\/\/\/./\\/.\/./\./\\/./\.
./\\//\\/.\/.\//\/\/\/\/\./\\//\/\/\\/.\/...\/.
.\/..\//\......\/\/\/\/\/.\/..\/\/\/../\/\/\/\.
/\/\/\.\//\./\/\...../\../\/\......./\\/\/\/\/.
\/\/\/./\\/.\/\/./\/\\//\\/\//\/\./\\//\./\/\/\
..../\.\//\/\/\..\/\//\\/./\.\/\/.\/..\/.\/\/\/
/\/\\//\.\/\/\//\../\\//\.\//\../\/\/\./\./\/\.
\/\//\\//\./\..\//\\//\\/./\\//\\/\/\/.\/.\/\/.
./\.\//\\/.\//\/\\//\\/./\\//\\//\/\/\./\/\./\.
.\/...\/.....\/\/..\/...\/..\/..\/\/\/.\/\/.\/.
Case #24:
/\/\/\/\/\/\/\/\/\./\/\/\./\/\./\/\..
\/\/\/\/\/\/\/\/\/.\/\/\/.\/\/.\/\/..
/\/\./\./\/\./\./\/\/\/\/\/\/\/\./\/\
\/\/.\/.\/\/.\/.\/\/\/\/\/\/\/\/.\/\/
/\/\/\./\/\/\./\/\/\./\/\/\/\/\./\/\.
\/\/\/.\/\/\/.\/\/\/.\/\/\/\/\/.\/\/.
....../\/\/\./\/\./\/\./\./\./\./\./\
/\/\/\\/\/\/.\/\/.\/\/.\/.\/.\/.\/.\/
\/\/\/../\/\/\/\/\./\./\./\/\/\./\./\
/\/\/\/\\/\/\/\/\/.\/.\/.\/\/\/.\/.\/
\/\/\/\/../\/\/\./\/\/\./\/\./\/\/\/\
..../\../\\/\/\/.\/\/\/.\/\/.\/\/\/\/
/\/\\//\\//\/\/\/\/\./\./\./\./\/\/\.
\/\/..\/..\/\/\/\/\/.\/.\/.\/.\/\/\/.
/\/\/\/\/\/\/\/\/\/\./\./\/\./\./\/\.
\/\/\/\/\/\/\/\/\/\/.\/.\/\/.\/.\/\/.
../\/\/\../\/\/\/\/\./\/\/\/\/\/\/\/\
/\\/\/\//\\/\/\/\/\/.\/\/\/\/\/\/\/\/
\/../\/\\//\../\/\/\/\./\./\/\/\/\/\.
/\/\\/\//\\//\\/\/\/\/.\/.\/\/\/\/\/.
\/\/../\\//\\//\/\/\/\./\/\/\/\./\/\.
/\/\/\\//\\/..\/\/\/\/.\/\/\/\/.\/\/.
\/\/\//\\/../\/\../\../\/\/\/\/\./\/\
/\/\..\/../\\/\//\\//\\/\/\/\/\/.\/\/
\/\//\/\/\\//\..\//\\//\/\./\./\/\./\
/\/\\/\/\/..\//\..\//\\/\/.\/.\/\/.\/
\/\//\../\/\..\//\/\\//\/\/\/\/\./\/\
/\..\//\\/\//\/\\/\//\\/\/\/\/\/.\/\/
\/....\/....\/\/....\/...............
Case #25:
/\./\/\/\/\./\/\/\./\./\/\/\/\./\/\/\.
\/.\/\/\/\/.\/\/\/.\/.\/\/\/\/.\/\/\/.
../\/\/\./\./\/\./\/\/\./\/\./\/\/\/\.
/\\/\/\/.\/.\/\/.\/\/\/.\/\/.\/\/\/\/.
\/../\/\/\./\./\./\/\/\./\/\./\/\/\/\.
/\/\\/\/\/.\/.\/.\/\/\/.\/\/.\/\/\/\/.
\/\//\/\/\./\/\/\/\/\./\./\./\/\/\./\.
/\/\\/\/\/.\/\/\/\/\/.\/.\/.\/\/\/.\/.
\/\//\/\/\/\./\/\./\./\./\/\/\/\./\./\
../\\/\/\/\/.\/\/.\/.\/.\/\/\/\/.\/.\/
/\\/....../\/\/\/\/\./\./\/\/\/\/\./\.
\/../\/\/\\/\/\/\/\/.\/.\/\/\/\/\/.\/.
/\/\\/\/\/../\./\/\/\/\./\/\/\./\/\/\.
\/\//\/\/\/\\/.\/\/\/\/.\/\/\/.\/\/\/.
/\/\\/\/\/\//\/\/\./\/\/\/\./\/\/\/\..
\/\//\/\/\/\\/\/\/.\/\/\/\/.\/\/\/\/..
../\\/\/\/\//\../\/\/\./\/\/\/\./\/\/\
/\\//\/\../\\//\\/\/\/.\/\/\/\/.\/\/\/
\/..\/\//\\//\\//\/\/\./\/\./\/\/\./\.
../\/\..\//\\//\\/\/\/.\/\/.\/\/\/.\/.
/\\/\//\..\//\\/../\/\/\/\/\./\/\/\/\.
\//\/\\//\..\//\/\\/\/\/\/\/.\/\/\/\/.
/\\/\/..\//\/\\/\/../\/\./\./\/\/\/\..
\/../\/\..\/\//\../\\/\/.\/.\/\/\/\/..
/\/\\/\//\/\/\\//\\//\../\/\/\./\/\./\
\/\//\/\\/\/\//\\/..\//\\/\/\/.\/\/.\/
../\\/\//\/\..\/../\/\\//\/\/\/\/\/\/\
/\\//\/\\/\//\../\\/\/..\/\/\/\/\/\/\/
\/..\/\/../\\//\\//\../\../\/\/\/\./\.
/\/\../\/\\//\\//\\//\\//\\/\/\/\/.\/.
\/\//\\/\//\\//\\//\\//\\//\../\/\/\/\
../\\/....\//\\//\\//\\/..\//\\/\/\/\/
/\\/../\/\/\\//\\//\\/../\/\\//\/\/\/\
\/../\\/\/\//\\/..\//\/\\/\//\\/\/\/\/
../\\//\/\/\\/../\..\/\//\/\\/../\/\/\
/\\/..\/\/\//\/\\//\/\/\\/\//\/\\/\/\/
\//\/\/\../\\/\/..\/\/\//\/\\/\//\../\
/\\/\/\//\\/../\/\/\/\..\/\//\/\\//\\/
\//\/\..\//\/\\/\/\/\//\../\\/\/..\/..
/\\/\//\/\\/\//\/\/\/\\//\\//\../\/\/\
\//\/\\/\//\..\/\/\/\//\\//\\//\\/\/\/
/\\/\//\..\//\/\/\/\..\//\\//\\//\../\
\/....\/....\/\/\/\/....\/..\/..\/..\/
Case #26:
..../\/\/\.../\/\...../\./\/\/\
./\.\/\/\//\.\/\//\./\\/.\/\/\/
.\/./\/\/\\/./\/\\/.\//\../\/\.
./\.\/\/\//\.\/\/.../\\//\\/\/.
.\/./\/\/\\/./\./\/\\/..\/./\/\
../\\/\/\//\.\/.\/\/./\./\.\/\/
/\\/..../\\//\/\.../\\/.\//\./\
\//\/\/\\//\\/\//\.\//\./\\/.\/
/\\/\/\//\\/../\\/...\/.\/./\/\
\/.../\.\/./\.\//\/\.../\/\\/\/
../\.\/....\/./\\/\/./\\/\//\..
/\\/./\./\/\/\\/.....\//\/\\//\
\//\.\/.\/\/\//\/\/\/\.\/\//\\/
/\\//\../\./\.\/\/\/\/.../\\//\
\//\\//\\/.\//\/\/\./\/\.\//\\/
/\\//\\/.../\\/\/\/.\/\//\.\/..
\/..\/../\.\/../\.../\/\\//\/\.
./\../\.\//\/\.\/./\\/\//\\/\/.
.\//\\//\.\/\/../\\/../\\/../\.
./\\//\\/..../\.\//\/\\/./\.\/.
.\/..\//\/\/\\/./\\/\/...\//\/\
/\/\/\.\/\/\/./\\/..../\/\.\/\/
\/\/\/.../\./\\/.../\.\/\//\./\
/\./\/\/\\/.\/./\/\\/../\.\/.\/
\/.\/\/\//\....\/\//\/\\//\../\
/\./\./\.\//\/\/\/\\/\//\\//\\/
\/.\/.\/./\\/\/\/\/....\//\\//\
/\/\.../\\/./\../\/\/\./\\/..\/
\/\/./\\/./\\//\\/\/\/.\/./\./\
./\/\\/./\\//\\//\./\.../\\/.\/
.\/\//\.\/..\/..\/.\//\.\/./\/\
/\./\\/./\/\/\./\/\/\\/....\/\/
\/.\/./\\/\/\/.\/\/\/../\/\/\/\
..../\\/.../\./\../\./\\/\/\/\/
/\/\\//\/\.\/.\//\\/.\/.../\...
\/\/..\/\/./\./\\//\/\/\/\\/./\
/\/\/\.../\\/.\//\\/\/\/\//\.\/
\/\/\/./\\/.../\\//\/\./\.\/...
/\/\...\//\./\\//\\/\/.\//\/\/\
\/\//\...\/.\/..\//\./\..\/\/\/
./\.\/./\/\../\./\\/.\/./\./\..
.\//\/\\/\//\\/.\/..../\\/.\//\
/\.\/\//\..\//\/\../\.\//\/\.\/
\//\...\/./\.\/\//\\/./\\/\/./\
/\\/./\/\.\//\/\.\//\.\/./\/\\/
\/...\/\/...\/\/...\/....\/\/..
Case #27:
/\/\/\../\.../\..../\/\/\/\/\/\
\/\/\//\\//\.\/./\.\/\/\/\/\/\/
..../\\//\\/....\//\/\/\/\/\/\.
/\/\\//\\/../\/\..\/\/\/\/\/\/.
\/\//\\/./\.\/\/./\./\./\../\/\
../\\/...\//\....\/.\/.\//\\/\/
/\\//\/\/\.\/./\/\/\.....\//\/\
\//\\/\/\/../\\/\/\//\/\./\\/\/
..\/.../\/\.\//\./\.\/\/.\//\/\
./\./\.\/\//\.\/.\/./\/\...\/\/
.\/.\/.../\\//\.....\/\//\.../\
/\/\/\/\.\//\\//\/\./\/\\/./\\/
\/\/\/\/./\\//\\/\/.\/\/...\/..
/\/\./\/\\//\\//\/\/\/\/\/\/\/\
\/\/.\/\//\\/..\/\/\/\/\/\/\/\/
./\..../\\//\/\./\./\/\/\/\....
.\/./\.\//\\/\/.\/.\/\/\/\//\/\
./\.\/./\\/./\/\/\/\.......\/\/
.\/../\\/...\/\/\/\/./\./\../\.
.../\\/./\/\/\../\/\.\/.\//\\/.
./\\/...\/\/\//\\/\//\....\/./\
.\/./\./\./\..\//\/\\/./\/\..\/
./\.\/.\/.\//\/\\/\/./\\/\/./\.
.\/../\/\/\.\/\/./\..\/./\/\\/.
./\/\\/\/\//\....\//\/\.\/\/./\
.\/\/./\/\.\/./\...\/\//\....\/
/\....\/\/./\.\//\/\...\//\./\.
\//\/\../\.\/...\/\//\./\\/.\/.
/\\/\//\\/./\/\/\...\/.\//\/\..
\/./\.\/./\\/\/\//\/\./\.\/\//\
./\\/....\//\/\/\\/\/.\/./\/\\/
.\//\/\/\/\\/\/\//\/\../\\/\//\
./\\/\/\/\//\/\/\\/\//\\/....\/
.\//\./\...\/\/\/./\.\//\/\/\..
./\\/.\//\/\/\./\.\/./\\/\/\//\
.\/./\/\\/\/\/.\/./\.\/./\./\\/
../\\/\/.../\.....\/....\/.\/..
/\\/./\/\/\\//\./\.../\.../\./\
\//\.\/\/\/..\/.\//\.\//\.\/.\/
/\\//\./\../\.../\\//\.\/./\...
\/..\/.\//\\/./\\/..\/./\.\//\.
/\/\../\.\/./\\/./\/\/\\/...\/.
\/\//\\/....\/./\\/\/\/.../\...
/\/\\//\/\./\/\\//\/\/\./\\//\.
\/\/..\/\/.\/\/..\/\/\/.\/..\/.
Case #28:
...../\..../\/\/\/\./\/\/\...
/\./\\/./\.\/\/\/\/.\/\/\/./\
\/.\/...\//\./\/\/\/\/\../\\/
/\/\./\...\/.\/\/\/\/\//\\/..
\/\/.\/./\./\../\..../\\/./\.
./\/\/\.\/.\//\\//\/\\/./\\/.
.\/\/\//\....\//\\/\/./\\/./\
/\./\/\\//\/\..\/.....\//\.\/
\/.\/\/..\/\/./\/\/\/\..\/...
..../\/\/\/\/\\/\/\/\/./\/\/\
./\.\/\/\/\/\//\.../\..\/\/\/
.\/./\/\/\../\\/./\\//\..../\
....\/\/\//\\/./\\//\\//\/\\/
./\/\../\.\/./\\//\\/..\/\//\
.\/\//\\/./\.\//\\//\/\/\..\/
./\..\/...\//\.\/..\/\/\//\..
.\/./\/\/\/\\//\./\/\../\\//\
/\..\/\/\/\/..\/.\/\//\\//\\/
\//\./\...../\./\/\..\//\\//\
..\/.\//\./\\/.\/\//\..\//\\/
/\/\/\.\/.\//\./\/\\//\/\\//\
\/\/\/./\./\\/.\/\/..\/\//\\/
/\/\...\/.\/../\./\./\...\/..
\/\//\.../\/\.\/.\/.\//\/\/\.
./\.\//\.\/\/../\./\..\/\/\/.
.\/./\\/...../\\/.\/./\/\/\/\
....\/../\./\\/../\..\/\/\/\/
./\../\.\/.\//\/\\//\..../\..
.\//\\//\../\\/\//\\/./\.\//\
/\.\/..\//\\//\..\/...\/...\/
\//\/\/\.\//\\/./\/\./\/\/\..
..\/\/\//\.\/...\/\/.\/\/\//\
/\/\/\/\\/./\/\./\../\.....\/
\/\/\/\/...\/\/.\//\\/./\/\/\
/\/\.../\./\./\...\/...\/\/\/
\/\/./\\/.\/.\//\/\/\/\..../\
/\./\\/./\/\/\.\/\/\/\/./\.\/
\/.\/...\/\/\/./\/\./\/\\/./\
/\./\/\/\/\./\.\/\/.\/\/...\/
\/.\/\/\/\/.\/../\../\../\./\
./\/\/\.../\./\.\//\\//\\/.\/
.\/\/\//\.\/.\/...\/..\/.....
/\/\./\\//\/\./\/\/\./\/\/\/\
\/\/.\/..\/\/.\/\/\/.\/\/\/\/
Case #29:
Impossible
Case #30:
/\/\/\/\/\/\/\/\./\./\/\/\./\/\/\./\/\./\/\/\./\.
\/\/\/\/\/\/\/\/.\/.\/\/\/.\/\/\/.\/\/.\/\/\/.\/.
/\/\/\/\/\./\/\./\./\/\/\/\/\/\/\./\./\/\/\/\/\/\
\/\/\/\/\/.\/\/.\/.\/\/\/\/\/\/\/.\/.\/\/\/\/\/\/
/\/\/\./\./\/\./\./\/\/\/\/\/\./\/\/\./\/\/\/\./\
\/\/\/.\/.\/\/.\/.\/\/\/\/\/\/.\/\/\/.\/\/\/\/.\/
/\/\../\/\./\./\/\/\/\./\/\/\./\./\/\/\/\/\/\/\/\
\/\//\\/\/.\/.\/\/\/\/.\/\/\/.\/.\/\/\/\/\/\/\/\/
/\..\/../\/\/\./\/\/\./\/\./\/\/\/\./\./\/\/\/\/\
\//\../\\/\/\/.\/\/\/.\/\/.\/\/\/\/.\/.\/\/\/\/\/
/\\//\\//\/\./\./\/\/\./\./\./\/\/\/\/\/\/\/\/\/\
\//\\//\\/\/.\/.\/\/\/.\/.\/.\/\/\/\/\/\/\/\/\/\/
/\\//\\//\../\./\/\./\/\./\/\/\/\/\/\/\/\/\/\/\/\
\//\\//\\//\\/.\/\/.\/\/.\/\/\/\/\/\/\/\/\/\/\/\/
/\\/..\//\\//\/\/\./\/\/\/\./\/\/\./\/\./\/\/\./\
\//\/\/\\//\\/\/\/.\/\/\/\/.\/\/\/.\/\/.\/\/\/.\/
/\\/\/\/..\/..../\./\/\/\/\/\/\./\/\/\/\/\./\/\/\
\//\/\/\/\../\/\\/.\/\/\/\/\/\/.\/\/\/\/\/.\/\/\/
/\\/\/\/\//\\/\//\/\/\/\/\/\/\/\/\/\/\/\/\/\/\/\.
\//\/\/\/\\//\/\\/\/\/\/\/\/\/\/\/\/\/\/\/\/\/\/.
/\\/\/\/\//\\/\/../\/\/\/\./\/\./\/\/\/\/\/\/\/\.
\/../\/\/\\//\/\/\\/\/\/\/.\/\/.\/\/\/\/\/\/\/\/.
../\\/\/\/..\/\/\/../\/\/\./\/\/\/\/\./\/\/\/\/\.
/\\//\..../\/\/\/\/\\/\/\/.\/\/\/\/\/.\/\/\/\/\/.
\//\\//\/\\/\/\/\/\/../\/\/\/\./\/\./\./\./\./\/\
..\/..\/\/............\/\/\/\/.\/\/.\/.\/.\/.\/\/
Case #31:
./\../\./\/\/\.../\./\...../\.
.\//\\/.\/\/\//\.\/.\//\/\.\/.
./\\/...../\..\/..../\\/\/....
.\//\/\./\\//\.../\.\/..../\/\
/\.\/\/.\//\\/./\\/..../\.\/\/
\//\/\/\/\\/./\\//\./\.\/./\..
..\/\/\/\//\.\//\\/.\/....\//\
./\...../\\//\.\/../\../\...\/
.\/./\/\\/..\/.../\\//\\/./\..
../\\/\//\./\./\.\//\\/...\//\
/\\/....\/.\/.\/...\/./\/\..\/
\/.../\./\./\..../\...\/\/./\.
./\/\\/.\/.\//\/\\/./\/\./\\/.
.\/\/./\/\...\/\/...\/\/.\/...
../\/\\/\//\...../\....../\./\
/\\/\//\/\\/./\/\\//\/\/\\/.\/
\/./\.\/\/...\/\/..\/\/\//\/\.
./\\//\./\./\.../\/\./\..\/\/.
.\//\\/.\/.\/./\\/\/.\//\/\...
...\/...../\..\//\.../\\/\//\.
./\../\/\.\//\/\\/./\\/../\\/.
.\//\\/\/...\/\/./\\//\/\\//\.
...\/./\/\/\.../\\/..\/\//\\/.
./\./\\/\/\/./\\/./\/\/\.\/./\
.\/.\//\/\/\.\/...\/\/\//\/\\/
./\./\\/\/\//\/\/\/\./\.\/\//\
.\/.\/./\./\\/\/\/\/.\//\/\.\/
/\/\/\.\/.\/./\...../\.\/\/./\
\/\/\/...../\\//\./\\/......\/
./\./\/\/\.\//\\/.\/./\/\./\/\
.\/.\/\/\/...\/......\/\/.\/\/
Case #32:
Impossible
Case #33:
/\/\/\/\/\/\./\./\./\./\./\/\/\/\./\/\./\
\/\/\/\/\/\/.\/.\/.\/.\/.\/\/\/\/.\/\/.\/
../\/\/\./\./\./\/\/\/\/\/\/\./\/\/\/\/\.
/\\/\/\/.\/.\/.\/\/\/\/\/\/\/.\/\/\/\/\/.
\//\/\/\/\./\/\./\/\/\./\/\/\/\./\./\/\/\
/\\/\/\/\/.\/\/.\/\/\/.\/\/\/\/.\/.\/\/\/
\//\/\/\/\./\/\/\/\./\/\/\/\/\/\./\/\./\.
..\/\/\/\/.\/\/\/\/.\/\/\/\/\/\/.\/\/.\/.
/\../\/\/\/\./\/\./\/\./\/\/\/\/\/\/\./\.
\//\\/\/\/\/.\/\/.\/\/.\/\/\/\/\/\/\/.\/.
/\\/..../\/\/\./\/\./\/\/\./\./\/\./\/\/\
\//\/\/\\/\/\/.\/\/.\/\/\/.\/.\/\/.\/\/\/
/\\/\/\//\/\/\./\/\./\/\/\/\./\/\./\/\/\.
\/../\/\\/\/\/.\/\/.\/\/\/\/.\/\/.\/\/\/.
../\\/\//\/\/\/\./\./\/\./\/\/\./\./\./\.
/\\//\/\\/\/\/\/.\/.\/\/.\/\/\/.\/.\/.\/.
\//\\/\/../\/\/\/\./\/\/\./\/\/\/\/\/\/\.
..\//\../\\/\/\/\/.\/\/\/.\/\/\/\/\/\/\/.
/\/\\//\\//\/\/\../\/\/\./\/\./\./\/\/\..
\/\//\\/..\/\/\//\\/\/\/.\/\/.\/.\/\/\/..
/\/\\//\/\..../\\//\/\/\./\/\/\./\./\./\.
\/\/..\/\//\/\\//\\/\/\/.\/\/\/.\/.\/.\/.
/\../\/\/\\/\//\\/../\/\./\/\/\/\/\./\/\.
\//\\/\/\/../\\//\/\\/\/.\/\/\/\/\/.\/\/.
..\//\/\/\/\\//\\/\//\/\/\/\/\/\./\/\/\/\
/\..\/\/\/\//\\//\/\\/\/\/\/\/\/.\/\/\/\/
\//\/\/\/\/\\//\\/\//\/\/\/\/\/\/\./\/\/\
/\\/\/\/\/\//\\/....\/\/\/\/\/\/\/.\/\/\/
\/../\/\/\/\\//\/\/\/\../\/\/\/\./\/\/\/\
/\/\\/\/\/\//\\/\/\/\//\\/\/\/\/.\/\/\/\/
\/\//\/\/\..\/../\/\..\//\/\/\/\/\/\/\/\.
/\/\\/\/\//\../\\/\//\/\\/\/\/\/\/\/\/\/.
\/\//\../\\//\\/../\\/\//\../\/\/\./\./\.
....\/..\/..\/....\/....\/..\/\/\/.\/.\/.
Case #34:
Impossible
Case #35:
./\......./\.../\/\../\/\/\/\../\..../\
.\//\/\./\\//\.\/\//\\/\/\/\//\\//\/\\/
...\/\/.\/..\/../\.\/./\./\..\/..\/\/..
/\/\/\/\./\.../\\/....\/.\/./\./\.../\.
\/\/\/\/.\//\.\/.../\./\/\..\/.\/./\\/.
/\.../\../\\/./\./\\/.\/\/./\/\...\//\.
\/./\\//\\//\.\/.\//\/\/\/\\/\//\./\\/.
/\.\/..\//\\/./\...\/\/\/\/../\\/.\/...
\/.../\/\\/...\//\..../\./\/\\/.../\/\.
/\/\.\/\/.../\..\//\/\\/.\/\//\/\.\/\/.
\/\/./\/\./\\/./\.\/\/./\/\/\\/\/.../\.
/\/\.\/\/.\//\.\/./\./\\/\/\/..../\.\/.
\/\//\/\/\/\\//\/\\/.\/./\.../\/\\//\..
/\/\\/\/\/\/..\/\/../\/\\/./\\/\//\\//\
\/\//\/\./\/\../\./\\/\/./\\/./\.\//\\/
./\.\/\/.\/\//\\/.\/.../\\/./\\/./\\//\
.\/../\../\/\\//\./\/\.\/...\/...\//\\/
/\/\.\//\\/\/..\/.\/\/../\/\/\./\..\//\
\/\/...\//\/\./\/\/\./\.\/\/\/.\//\/\\/
/\../\...\/\/.\/\/\/.\/./\./\....\/\//\
\//\\//\/\/\./\/\/\.../\\/.\//\/\./\.\/
/\\/..\/\/\/.\/\/\/./\\/.../\\/\/.\/./\
\/./\/\./\.../\./\/\\//\./\\//\/\/\/\\/
...\/\/.\/./\\/.\/\//\\/.\//\\/\/\/\//\
/\.../\/\/\\//\.../\\/./\..\/./\/\./\\/
\/./\\/\/\//\\/./\\/./\\//\/\.\/\/.\/..
/\.\/./\...\//\.\/...\//\\/\//\.../\/\.
\/./\.\//\/\.\/./\/\/\.\//\/\\/./\\/\/.
...\/...\/\/....\/\/\/...\/\/...\/.....
Case #36:
/\/\/\/\/\/\/\/\./\./\/\/\/\./\/\/\/\/\..
\/\/\/\/\/\/\/\/.\/.\/\/\/\/.\/\/\/\/\/..
/\/\/\/\/\/\/\/\./\/\/\/\/\/\/\/\/\/\/\/\
\/\/\/\/\/\/\/\/.\/\/\/\/\/\/\/\/\/\/\/\/
/\/\/\/\./\/\/\/\/\/\/\/\/\/\/\./\/\/\/\.
\/\/\/\/.\/\/\/\/\/\/\/\/\/\/\/.\/\/\/\/.
../\/\/\./\./\/\./\/\/\./\./\/\/\/\./\/\.
/\\/\/\/.\/.\/\/.\/\/\/.\/.\/\/\/\/.\/\/.
\//\/\/\/\/\/\./\/\/\/\/\/\./\./\/\/\/\/\
..\/\/\/\/\/\/.\/\/\/\/\/\/.\/.\/\/\/\/\/
/\..../\../\/\./\./\/\./\/\./\/\/\./\/\/\
\//\/\\//\\/\/.\/.\/\/.\/\/.\/\/\/.\/\/\/
..\/\//\\/../\/\./\/\/\/\/\/\./\/\/\/\/\.
/\/\..\//\/\\/\/.\/\/\/\/\/\/.\/\/\/\/\/.
\/\//\/\\/\//\/\/\/\/\./\/\/\./\./\/\/\/\
....\/\/../\\/\/\/\/\/.\/\/\/.\/.\/\/\/\/
/\/\/\/\/\\//\/\/\/\/\/\./\/\/\/\/\./\./\
\/\/\/\/\//\\/\/\/\/\/\/.\/\/\/\/\/.\/.\/
/\/\/\/\..\//\../\/\./\/\/\/\./\./\/\/\/\
\/\/\/\//\..\//\\/\/.\/\/\/\/.\/.\/\/\/\/
/\/\/\/\\//\/\\//\/\/\/\/\./\./\./\/\/\/\
\/\/\/\/..\/\//\\/\/\/\/\/.\/.\/.\/\/\/\/
/\....../\/\..\/..../\/\/\/\/\/\/\/\/\./\
\//\/\/\\/\//\../\/\\/\/\/\/\/\/\/\/\/.\/
/\\/\/\/....\//\\/\//\/\/\/\/\/\/\/\./\/\
\//\/\/\/\/\..\/../\\/\/\/\/\/\/\/\/.\/\/
..\/\/\/\/\//\../\\//\/\../\/\/\/\/\/\./\
/\../\/\../\\//\\//\\/\//\\/\/\/\/\/\/.\/
\//\\/\//\\//\\/..\//\/\\//\/\./\./\./\/\
..\/../\\//\\/../\/\\/\/..\/\/.\/.\/.\/\/
/\../\\//\\//\/\\/\//\/\/\../\/\./\/\/\..
\//\\//\\//\\/\//\..\/\/\//\\/\/.\/\/\/..
/\\//\\//\\//\/\\//\/\../\\//\/\/\/\/\/\.
\//\\/..\//\\/\//\\/\//\\//\\/\/\/\/\/\/.
..\/../\/\\//\/\\//\/\\/..\//\../\/\/\/\.
/\/\/\\/\//\\/\/..\/\//\/\..\//\\/\/\/\/.
\/\/\//\/\\/../\/\/\..\/\//\/\\//\/\/\/\.
/\/\/\\/\//\/\\/\/\//\/\/\\/\//\\/\/\/\/.
\/\/\//\..\/\//\/\/\\/\/\/../\\//\/\../\.
/\/\..\//\/\..\/\/\//\/\/\/\\//\\/\//\\/.
\/\//\/\\/\//\/\/\..\/\/\/\//\\//\..\//\.
/\/\\/\//\/\\/\/\//\/\/\/\..\/..\//\..\/.
\/\//\/\\/\//\/\/\\/\/\/\//\../\..\//\...
/\/\\/\//\..\/\/\//\..../\\//\\//\..\//\.
\/\//\..\//\/\....\//\/\\//\\/..\//\/\\/.
/\..\//\..\/\//\/\/\\/\//\\//\/\/\\/\/...
\//\/\\//\../\\/\/\/....\//\\/\/\//\/\/\.
/\\/\/..\//\\//\/\/\/\/\/\\/../\..\/\/\/.
\/........\/..\/\/\/\/\/\/....\/.........
Case #37:
/\/\/\./\./\./\/\/\/\./\/\/\./\/\./\/\/\/\./\/\/\.
\/\/\/.\/.\/.\/\/\/\/.\/\/\/.\/\/.\/\/\/\/.\/\/\/.
/\/\./\./\/\./\./\./\./\/\./\/\/\/\/\/\/\./\/\/\/\
\/\/.\/.\/\/.\/.\/.\/.\/\/.\/\/\/\/\/\/\/.\/\/\/\/
/\/\/\/\/\/\/\/\./\/\/\/\/\/\./\/\/\/\/\./\/\/\./\
\/\/\/\/\/\/\/\/.\/\/\/\/\/\/.\/\/\/\/\/.\/\/\/.\/
../\/\/\/\/\/\./\/\/\/\./\/\./\/\/\/\/\/\./\/\/\/\
/\\/\/\/\/\/\/.\/\/\/\/.\/\/.\/\/\/\/\/\/.\/\/\/\/
\/../\/\/\/\/\/\./\/\./\/\./\./\/\/\/\./\/\/\./\/\
../\\/\/\/\/\/\/.\/\/.\/\/.\/.\/\/\/\/.\/\/\/.\/\/
/\\//\/\../\./\/\/\./\./\/\/\./\/\/\./\/\/\./\/\..
\//\\/\//\\/.\/\/\/.\/.\/\/\/.\/\/\/.\/\/\/.\/\/..
/\\//\/\\//\/\/\/\/\/\./\/\/\/\/\/\/\/\./\/\./\./\
\//\\/\//\\/\/\/\/\/\/.\/\/\/\/\/\/\/\/.\/\/.\/.\/
..\//\..\/..../\/\/\./\./\/\./\/\./\/\./\./\/\/\/\
/\/\\//\../\/\\/\/\/.\/.\/\/.\/\/.\/\/.\/.\/\/\/\/
\/\/..\//\\/\//\/\/\/\./\/\/\/\/\./\./\/\/\/\/\/\.
/\/\/\..\/../\\/\/\/\/.\/\/\/\/\/.\/.\/\/\/\/\/\/.
\/\/\//\/\/\\//\/\/\/\/\/\/\/\/\/\/\./\/\/\./\./\.
/\/\/\\/\/\/..\/\/\/\/\/\/\/\/\/\/\/.\/\/\/.\/.\/.
\/\/\/..../\/\/\../\/\/\./\/\/\./\/\/\/\/\./\./\..
..../\/\/\\/\/\//\\/\/\/.\/\/\/.\/\/\/\/\/.\/.\/..
/\/\\/\/\//\/\/\\//\/\/\/\/\/\/\/\/\/\/\/\./\/\/\.
\/\//\/\/\\/\/\//\\/\/\/\/\/\/\/\/\/\/\/\/.\/\/\/.
/\..\/\/\//\/\/\\//\/\../\./\/\./\/\./\/\/\./\/\..
\//\../\/\\/\/\/..\/\//\\/.\/\/.\/\/.\/\/\/.\/\/..
/\\//\\/\//\../\/\/\/\\//\/\/\./\./\./\/\./\/\/\..
\//\\/../\\//\\/\/\/\//\\/\/\/.\/.\/.\/\/.\/\/\/..
..\//\/\\//\\//\/\../\\/../\/\/\/\/\./\./\/\/\/\..
/\/\\/\/..\/..\/\//\\//\/\\/\/\/\/\/.\/.\/\/\/\/..
\/\/../\/\/\/\../\\//\\/\//\/\/\./\/\/\./\/\/\/\..
/\/\/\\/\/\/\//\\//\\//\/\\/\/\/.\/\/\/.\/\/\/\/..
\/\/\//\../\/\\//\\/..\/\//\/\/\/\./\/\/\/\/\/\./\
..../\\//\\/\//\\//\/\/\/\\/\/\/\/.\/\/\/\/\/\/.\/
/\/\\//\\/../\\//\\/\/\/\/..../\/\/\./\/\./\./\./\
\/\//\\//\/\\/..\//\/\..../\/\\/\/\/.\/\/.\/.\/.\/
/\..\//\\/\//\/\/\\/\//\/\\/\//\/\../\./\/\./\/\/\
\//\/\\//\/\\/\/\/../\\/\//\/\\/\//\\/.\/\/.\/\/\/
/\\/\/..\/\//\/\/\/\\//\/\\/\/../\\//\/\./\./\/\/\
\//\/\/\/\/\\/\/\/\//\\/\//\/\/\\//\\/\/.\/.\/\/\/
/\\/\/\/\/\/..../\..\/../\\/\/\//\\//\/\/\./\/\/\.
\//\/\/\/\../\/\\//\/\/\\/../\/\\//\\/\/\/.\/\/\/.
/\\/\/\/\//\\/\/..\/\/\//\/\\/\//\\//\/\/\/\/\/\..
\/../\/\/\\//\/\/\/\../\\/\//\..\//\\/\/\/\/\/\/..
/\/\\/\/\//\\/\/\/\//\\/../\\//\/\\//\....../\/\/\
\/\/../\/\\//\../\..\/../\\//\\/\//\\//\/\/\\/\/\/
/\/\/\\/\/..\//\\//\../\\//\\/../\\//\\/\/\//\/\/\
\/\/\/../\/\..\/..\//\\//\\//\/\\//\\/..../\\/\/\/
/\/\../\\/\//\/\/\/\\//\\//\\/\//\\//\/\/\\//\/\/\
\/\/..\/....\/\/\/\/..\/..\/....\/..\/\/\/..\/\/\/
Case #38:
/\/\/\/\/\/\/\/\/\/\/\/\/\/\/\/\/\/\/\/\/\/\/\/\/\
\/\/\/\/\/\/\/\/\/\/\/\/\/\/\/\/\/\/\/\/\/\/\/\/\/
/\/\/\/\/\/\/\/\/\/\/\/\/\/\/\/\/\/\/\/\/\/\/\/\/\
\/\/\/\/\/\/\/\/\/\/\/\/\/\/\/\/\/\/\/\/\/\/\/\/\/
/\/\/\/\/\/\/\/\/\/\/\/\/\/\/\/\/\/\/\/\/\/\/\/\/\
\/\/\/\/\/\/\/\/\/\/\/\/\/\/\/\/\/\/\/\/\/\/\/\/\/
/\/\/\/\/\/\/\/\/\/\/\/\/\/\/\/\/\/\/\/\/\/\/\/\/\
\/\/\/\/\/\/\/\/\/\/\/\/\/\/\/\/\/\/\/\/\/\/\/\/\/
/\/\/\/\/\/\/\/\/\/\/\/\/\/\/\/\/\/\/\/\/\/\/\/\/\
\/\/\/\/\/\/\/\/\/\/\/\/\/\/\/\/\/\/\/\/\/\/\/\/\/
/\/\/\/\/\/\/\/\/\/\/\/\/\/\/\/\/\/\/\/\/\/\/\/\/\
\/\/\/\/\/\/\/\/\/\/\/\/\/\/\/\/\/\/\/\/\/\/\/\/\/
/\/\/\/\/\/\/\/\/\/\/\/\/\/\/\/\/\/\/\/\/\/\/\/\/\
\/\/\/\/\/\/\/\/\/\/\/\/\/\/\/\/\/\/\/\/\/\/\/\/\/
/\/\/\/\/\/\/\/\/\/\/\/\/\/\/\/\/\/\/\/\/\/\/\/\/\
\/\/\/\/\/\/\/\/\/\/\/\/\/\/\/\/\/\/\/\/\/\/\/\/\/
/\/\/\/\/\/\/\/\/\/\/\/\/\/\/\/\/\/\/\/\/\/\/\/\/\
\/\/\/\/\/\/\/\/\/\/\/\/\/\/\/\/\/\/\/\/\/\/\/\/\/
/\/\/\/\/\/\/\/\/\/\/\/\/\/\/\/\/\/\/\/\/\/\/\/\/\
\/\/\/\/\/\/\/\/\/\/\/\/\/\/\/\/\/\/\/\/\/\/\/\/\/
/\/\/\/\/\/\/\/\/\/\/\/\/\/\/\/\/\/\/\/\/\/\/\/\/\
\/\/\/\/\/\/\/\/\/\/\/\/\/\/\/\/\/\/\/\/\/\/\/\/\/
/\/\/\/\/\/\/\/\/\/\/\/\/\/\/\/\/\/\/\/\/\/\/\/\/\
\/\/\/\/\/\/\/\/\/\/\/\/\/\/\/\/\/\/\/\/\/\/\/\/\/
/\/\/\/\/\/\/\/\/\/\/\/\/\/\/\/\/\/\/\/\/\/\/\/\/\
\/\/\/\/\/\/\/\/\/\/\/\/\/\/\/\/\/\/\/\/\/\/\/\/\/
/\/\/\/\/\/\/\/\/\/\/\/\/\/\/\/\/\/\/\/\/\/\/\/\/\
\/\/\/\/\/\/\/\/\/\/\/\/\/\/\/\/\/\/\/\/\/\/\/\/\/
/\/\/\/\/\/\/\/\/\/\/\/\/\/\/\/\/\/\/\/\/\/\/\/\/\
\/\/\/\/\/\/\/\/\/\/\/\/\/\/\/\/\/\/\/\/\/\/\/\/\/
/\/\/\/\/\/\/\/\/\/\/\/\/\/\/\/\/\/\/\/\/\/\/\/\/\
\/\/\/\/\/\/\/\/\/\/\/\/\/\/\/\/\/\/\/\/\/\/\/\/\/
/\/\/\/\/\/\/\/\/\/\/\/\/\/\/\/\/\/\/\/\/\/\/\/\/\
\/\/\/\/\/\/\/\/\/\/\/\/\/\/\/\/\/\/\/\/\/\/\/\/\/
/\/\/\/\/\/\/\/\/\/\/\/\/\/\/\/\/\/\/\/\/\/\/\/\/\
\/\/\/\/\/\/\/\/\/\/\/\/\/\/\/\/\/\/\/\/\/\/\/\/\/
/\/\/\/\/\/\/\/\/\/\/\/\/\/\/\/\/\/\/\/\/\/\/\/\/\
\/\/\/\/\/\/\/\/\/\/\/\/\/\/\/\/\/\/\/\/\/\/\/\/\/
/\/\/\/\/\/\/\/\/\/\/\/\/\/\/\/\/\/\/\/\/\/\/\/\/\
\/\/\/\/\/\/\/\/\/\/\/\/\/\/\/\/\/\/\/\/\/\/\/\/\/
/\/\/\/\/\/\/\/\/\/\/\/\/\/\/\/\/\/\/\/\/\/\/\/\/\
\/\/\/\/\/\/\/\/\/\/\/\/\/\/\/\/\/\/\/\/\/\/\/\/\/
/\/\/\/\/\/\/\/\/\/\/\/\/\/\/\/\/\/\/\/\/\/\/\/\/\
\/\/\/\/\/\/\/\/\/\/\/\/\/\/\/\/\/\/\/\/\/\/\/\/\/
/\/\/\/\/\/\/\/\/\/\/\/\/\/\/\/\/\/\/\/\/\/\/\/\/\
\/\/\/\/\/\/\/\/\/\/\/\/\/\/\/\/\/\/\/\/\/\/\/\/\/
/\/\/\/\/\/\/\/\/\/\/\/\/\/\/\/\/\/\/\/\/\/\/\/\/\
\/\/\/\/\/\/\/\/\/\/\/\/\/\/\/\/\/\/\/\/\/\/\/\/\/
/\/\/\/\/\/\/\/\/\/\/\/\/\/\/\/\/\/\/\/\/\/\/\/\/\
\/\/\/\/\/\/\/\/\/\/\/\/\/\/\/\/\/\/\/\/\/\/\/\/\/
Case #39:
/\./\./\/\./\/\/\./\/\/\/\/\/\/\/\./\/\/\/\
\/.\/.\/\/.\/\/\/.\/\/\/\/\/\/\/\/.\/\/\/\/
/\/\/\/\./\/\./\/\/\/\/\./\./\/\./\./\/\/\.
\/\/\/\/.\/\/.\/\/\/\/\/.\/.\/\/.\/.\/\/\/.
/\/\/\/\/\/\/\/\/\/\/\./\/\/\/\/\/\/\./\./\
\/\/\/\/\/\/\/\/\/\/\/.\/\/\/\/\/\/\/.\/.\/
/\../\/\/\/\./\/\/\/\/\/\/\./\./\/\./\/\/\.
\//\\/\/\/\/.\/\/\/\/\/\/\/.\/.\/\/.\/\/\/.
..\//\/\/\./\/\/\/\/\/\/\/\./\/\/\./\/\./\.
/\/\\/\/\/.\/\/\/\/\/\/\/\/.\/\/\/.\/\/.\/.
\/\//\../\/\./\/\./\/\/\/\/\./\./\/\/\/\/\.
/\..\//\\/\/.\/\/.\/\/\/\/\/.\/.\/\/\/\/\/.
\//\..\//\/\/\./\/\/\/\/\/\/\/\./\/\./\/\/\
/\\//\..\/\/\/.\/\/\/\/\/\/\/\/.\/\/.\/\/\/
\//\\//\../\../\/\./\/\/\/\/\/\/\/\/\./\/\.
/\\//\\//\\//\\/\/.\/\/\/\/\/\/\/\/\/.\/\/.
\//\\/..\/..\//\/\./\./\./\./\./\./\/\/\./\
..\//\/\/\/\/\\/\/.\/.\/.\/.\/.\/.\/\/\/.\/
/\/\\/\/\/\/\//\/\/\/\./\/\./\./\./\/\/\./\
\/\//\/\/\....\/\/\/\/.\/\/.\/.\/.\/\/\/.\/
../\\/\/\//\/\..../\/\/\/\./\./\./\./\/\/\.
/\\/......\/\//\/\\/\/\/\/.\/.\/.\/.\/\/\/.
\/../\/\/\/\/\\/\//\../\./\./\/\/\/\/\/\/\.
../\\/\/\/\/\/../\\//\\/.\/.\/\/\/\/\/\/\/.
/\\//\/\/\/\/\/\\/..\//\/\/\/\/\/\/\./\/\..
\//\\/\/\/\/\/\//\/\/\\/\/\/\/\/\/\/.\/\/..
/\\/../\../\../\\/\/\//\/\/\/\/\./\./\/\./\
\/../\\//\\//\\/../\/\\/\/\/\/\/.\/.\/\/.\/
/\/\\//\\//\\//\/\\/\//\/\../\/\./\/\/\/\/\
\/\//\\//\\//\\/\/../\\/\//\\/\/.\/\/\/\/\/
/\/\\/..\//\\//\/\/\\//\..\//\/\/\./\/\./\.
\/\//\/\/\\//\\/\/\/..\//\..\/\/\/.\/\/.\/.
../\\/\/\//\\/../\../\/\\//\/\../\/\/\/\/\.
/\\//\/\..\//\/\\//\\/\//\\/\//\\/\/\/\/\/.
\//\\/\//\..\/\//\\/../\\//\..\//\/\/\/\/\.
/\\//\/\\//\/\/\\//\/\\//\\//\/\\/\/\/\/\/.
\//\\/\//\\/\/\/..\/\//\\//\\/\/../\/\./\..
/\\//\..\//\/\/\/\/\/\\//\\//\/\/\\/\/.\/..
\//\\//\..\/\/\/\/\/\//\\//\\/\/\//\../\/\.
/\\/..\//\/\....../\/\\//\\//\/\/\\//\\/\/.
\//\/\..\/\//\/\/\\/\//\\//\\/\/\/..\//\/\.
..\/\//\....\/\/\//\/\\//\\//\/\../\/\\/\/.
/\/\/\\//\/\/\/\/\\/\//\\//\\/\//\\/\//\/\.
\/\/\//\\/\/\/\/\/....\//\\/....\//\/\\/\/.
......\/................\/........\/\/.....
Case #40:
/\/\/\/\/\/\/\/\.../\/\/\/\.../\/\..../\..../\
\/\/\/\/\/\/\/\/./\\/\/\/\/./\\/\/./\.\//\/\\/
./\/\../\..../\..\/../\/\./\\//\./\\//\.\/\//\
.\/\//\\/./\.\/./\/\.\/\/.\//\\/.\/..\//\/\.\/
.../\\/...\//\/\\/\//\.../\.\/../\/\/\.\/\/./\
./\\/./\/\/\\/\/./\.\/./\\/./\/\\/\/\//\/\..\/
.\//\.\/\/\/.../\\//\..\/./\\/\//\./\.\/\//\/\
/\.\//\..../\/\\//\\/./\/\\/....\/.\/.....\/\/
\/./\\//\/\\/\/..\/...\/\//\./\/\../\/\/\../\.
/\.\/..\/\//\/\/\/\/\/\/\.\/.\/\//\\/\/\//\\/.
\//\/\.....\/\/\/\/\/\/\//\./\/\.\//\/\..\/...
/\\/\//\/\/\/\../\./\../\\/.\/\/...\/\//\../\.
\//\/\\/\/\/\//\\/.\//\\//\../\../\/\..\//\\/.
..\/\//\./\/\.\/./\..\/..\//\\//\\/\/./\.\/./\
/\/\/\\/.\/\//\/\\//\./\/\.\//\\/.../\\/....\/
\/\/\//\.../\\/\//\\/.\/\//\.\/../\.\//\/\/\/\
......\/./\\/....\//\/\...\//\./\\/...\/\/\/\/
./\/\/\/\\//\/\/\/\\/\//\./\\/.\//\./\/\../\/\
.\/\/\/\/..\/\/\/\/../\\/.\//\./\\/.\/\//\\/\/
../\./\./\/\/\/\/\/\.\/../\.\/.\/./\/\/\\/../\
/\\/.\/.\/\/\/\/\/\//\./\\//\/\/\.\/\/\/../\\/
\/..../\.../\/\./\/\\/.\/..\/\/\/./\../\/\\//\
./\/\.\/./\\/\/.\/\/./\./\/\/\../\\//\\/\/..\/
.\/\/....\/..../\./\.\/.\/\/\//\\//\\/./\./\..
./\/\/\/\/\/\/\\/.\/./\./\/\..\/..\/...\/.\//\
.\/\/\/\/\/\/\/./\...\/.\/\/./\./\/\/\../\..\/
../\../\./\.....\/./\/\./\...\/.\/\/\//\\//\/\
/\\//\\/.\//\/\....\/\/.\//\/\/\.../\.\//\\/\/
\/..\//\./\\/\/./\.../\/\.\/\/\//\.\/./\\/./\.
.../\.\/.\/.../\\//\.\/\//\/\/\.\//\..\/...\/.
./\\/./\/\/\/\\/..\/../\.\/\/\/./\\/./\./\/\/\
.\//\.\/\/\/\/./\/\/\.\/..../\/\\/...\/.\/\/\/
/\.\//\/\/\/\/\\/\/\/./\/\/\\/\//\/\./\./\/\/\
\/...\/\/\/\/\/.......\/\/\/....\/\/.\/.\/\/\/
Case #41:
/\/\/\/\./\/\/\/\./\/\/\/\/\./\./\./\..
\/\/\/\/.\/\/\/\/.\/\/\/\/\/.\/.\/.\/..
/\/\/\./\/\./\./\/\/\/\/\/\/\/\/\/\/\/\
\/\/\/.\/\/.\/.\/\/\/\/\/\/\/\/\/\/\/\/
/\/\/\/\/\./\/\/\./\/\/\/\./\./\/\./\..
\/\/\/\/\/.\/\/\/.\/\/\/\/.\/.\/\/.\/..
/\../\/\/\/\/\./\/\/\./\/\/\./\/\/\./\.
\//\\/\/\/\/\/.\/\/\/.\/\/\/.\/\/\/.\/.
..\//\../\/\./\/\./\/\./\/\./\/\/\/\/\.
/\..\//\\/\/.\/\/.\/\/.\/\/.\/\/\/\/\/.
\//\/\\//\/\/\./\./\./\./\/\/\/\./\./\.
/\\/\//\\/\/\/.\/.\/.\/.\/\/\/\/.\/.\/.
\/....\//\/\/\/\/\./\/\./\/\/\/\/\/\/\.
/\/\/\/\\/\/\/\/\/.\/\/.\/\/\/\/\/\/\/.
\/\/\/\/../\/\/\./\./\/\./\/\/\/\./\/\.
../\/\../\\/\/\/.\/.\/\/.\/\/\/\/.\/\/.
/\\/\//\\/..../\/\./\/\/\/\./\./\./\/\.
\/../\\//\/\/\\/\/.\/\/\/\/.\/.\/.\/\/.
/\/\\/..\/\/\//\../\/\/\/\./\./\./\/\..
\/\//\/\..../\\//\\/\/\/\/.\/.\/.\/\/..
/\/\\/\//\/\\/..\/../\./\/\./\/\/\/\/\.
\/\//\/\\/\/../\/\/\\/.\/\/.\/\/\/\/\/.
../\\/\//\/\/\\/\/\/../\/\./\/\/\/\./\.
/\\//\..\/\/\//\/\/\/\\/\/.\/\/\/\/.\/.
\/..\//\../\/\\/\/\/\//\/\/\/\/\./\/\/\
/\/\/\\//\\/\//\/\/\/\\/\/\/\/\/.\/\/\/
\/\/\//\\//\/\\/\/\/\/../\/\./\./\./\/\
../\..\//\\/\//\....../\\/\/.\/.\/.\/\/
/\\//\/\\//\..\//\/\/\\//\/\/\/\/\/\/\.
\//\\/\/..\//\..\/\/\//\\/\/\/\/\/\/\/.
/\\/../\/\/\\//\......\/..../\/\/\./\/\
\//\/\\/\/\/..\//\/\/\../\/\\/\/\/.\/\/
..\/\/..../\/\/\\/\/\//\\/\//\/\/\./\/\
/\/\../\/\\/\/\//\/\/\\//\..\/\/\/.\/\/
\/\//\\/\//\/\..\/\/\/..\//\../\/\/\./\
../\\//\..\/\//\../\/\/\/\\//\\/\/\/.\/
/\\//\\//\/\/\\//\\/\/\/\//\\//\/\/\/\.
\/..\/..\/\/\//\\//\/\/\/\\/..\/\/\/\/.
/\/\../\/\/\/\\//\\/\/\/\//\/\/\../\/\.
\/\//\\/\/\/\//\\//\/\/\/\\/\/\//\\/\/.
/\..\//\/\/\..\//\\/\/\/\//\/\/\\//\/\.
\//\..\/\/\//\..\//\../\/\\/\/\//\\/\/.
..\//\/\/\/\\//\/\\//\\/\//\../\\//\/\.
....\/\/\/\/..\/\/..\/....\/..\/..\/\/.
Case #42:
/\./\/\/\/\/\./\/\./\./\.
\/.\/\/\/\/\/.\/\/.\/.\/.
/\/\/\/\./\./\/\/\/\/\./\
\/\/\/\/.\/.\/\/\/\/\/.\/
..../\/\/\./\/\./\./\/\..
/\/\\/\/\/.\/\/.\/.\/\/..
\/\//\/\./\/\/\/\./\/\/\.
/\/\\/\/.\/\/\/\/.\/\/\/.
\/\/..../\/\./\/\/\/\/\/\
/\../\/\\/\/.\/\/\/\/\/\/
\//\\/\/../\/\/\/\/\/\/\.
/\\//\/\/\\/\/\/\/\/\/\/.
\//\\/\/\//\/\/\/\./\/\..
/\\/../\/\\/\/\/\/.\/\/..
\//\/\\/\//\/\/\/\/\/\/\.
/\\/\//\/\\/\/\/\/\/\/\/.
\/../\\/\//\/\/\/\./\/\/\
/\/\\//\/\\/\/\/\/.\/\/\/
\/\//\\/\//\/\/\/\/\/\./\
/\/\\//\..\/\/\/\/\/\/.\/
\/\/..\//\../\/\/\/\/\/\.
/\/\/\/\\//\\/\/\/\/\/\/.
\/\/\/\/..\//\/\/\/\/\/\.
/\/\/\/\/\/\\/\/\/\/\/\/.
\/\/\/\/\/\/../\/\/\/\...
..../\/\/\/\/\\/\/\/\//\.
/\/\\/\/\/\/\/../\../\\/.
\/\//\..../\../\\//\\//\.
/\..\//\/\\//\\//\\//\\/.
\//\/\\/\/..\//\\//\\/...
/\\/\/../\/\..\/..\//\/\.
\//\../\\/\//\/\/\..\/\/.
/\\//\\/../\\/\/\//\../\.
\//\\/../\\//\/\..\//\\/.
..\//\/\\/..\/\//\..\//\.
....\/\/........\/....\/.
Case #43:
.../\..../\/\/\...../\...../\...../\/\/\./\./\
/\.\//\/\\/\/\//\./\\//\/\.\//\./\\/\/\/.\/.\/
\//\.\/\/../\/\\/.\/..\/\//\.\/.\/./\...../\..
..\/./\/\/\\/\/./\/\/\./\.\/./\/\/\\/./\/\\//\
/\/\.\/\/\/.....\/\/\/.\/....\/\/\/./\\/\/..\/
\/\/.../\/\./\./\/\/\/\/\./\/\/\/\/\\//\/\/\..
..../\.\/\/.\/.\/\/\/\/\/.\/\/\/\/\/..\/\/\//\
./\.\/./\./\./\/\./\...../\/\.../\../\/\/\/\\/
.\/....\/.\/.\/\/.\//\/\.\/\/./\\//\\/\/\/\/..
..../\/\/\./\/\../\.\/\//\./\.\//\\/.../\.../\
/\/\\/\/\/.\/\//\\/../\.\/.\/./\\/.../\\//\.\/
\/\//\./\/\....\//\/\\//\/\/\.\/./\/\\//\\/./\
./\.\/.\/\/./\/\.\/\//\\/\/\/./\.\/\//\\/...\/
.\/...../\..\/\/./\/\\/./\/\..\//\...\/./\/\/\
/\./\/\.\/./\../\\/\/...\/\//\/\\//\../\\/\/\/
\/.\/\/../\\//\\//\/\/\/\...\/\/..\//\\/./\./\
/\...../\\//\\/..\/\/\/\/./\./\./\/\\/./\\/.\/
\//\/\.\/..\//\/\/\/\.....\/.\/.\/\/...\/./\/\
/\\/\//\./\/\\/\/\/\/./\/\...../\/\./\../\\/\/
\/./\.\/.\/\/./\./\/\.\/\//\./\\/\/.\//\\//\..
/\.\//\./\/\/\\/.\/\/./\/\\/.\//\./\..\/..\//\
\/...\/.\/\/\/........\/\/.../\\/.\//\.../\.\/
../\/\..../\./\/\./\/\./\./\.\//\./\\/./\\/./\
/\\/\//\/\\/.\/\/.\/\/.\/.\/./\\/.\/./\\/...\/
\/./\.\/\/./\/\....../\..../\\//\/\/\\//\./\..
./\\/../\..\/\//\/\/\\//\/\\//\\/\/\//\\/.\//\
.\/../\\//\....\/\/\//\\/\/..\/./\...\//\...\/
/\/\.\//\\//\./\/\...\//\/\/\./\\//\...\//\./\
\/\/./\\//\\/.\/\/./\/\\/\/\/.\/..\/./\/\\/.\/
.../\\/..\/./\.....\/\//\../\.../\...\/\/./\..
/\.\//\/\...\//\/\/\...\//\\//\.\//\/\/\/\\//\
\/...\/\/./\..\/\/\//\...\//\\/...\/\/\/\/..\/
./\./\./\.\//\./\./\\//\/\.\//\./\./\/\/\./\/\
.\/.\/.\/...\/.\/.\/..\/\/...\/.\/.\/\/\/.\/\/
Case #44:
Impossible
Case #45:
/\/\/\./\......./\....../\..../\/\./\.....
\/\/\/.\/./\/\/\\//\./\.\/./\.\/\/.\//\./\
./\.......\/\/\/..\/.\/../\\/..../\..\/.\/
.\/./\/\/\./\../\/\/\/\/\\//\./\.\/./\../\
/\/\\/\/\/.\//\\/\/\/\/\//\\/.\//\..\//\\/
\/\/..../\/\.\//\/\.../\.\//\...\//\..\//\
/\./\/\.\/\/./\\/\/./\\//\.\//\./\\//\/\\/
\/.\/\/..../\\/./\..\/..\/./\\/.\/..\/\//\
./\/\./\/\.\//\.\//\../\...\/...../\./\.\/
.\/\/.\/\//\.\/./\\//\\//\../\/\/\\/.\/...
/\../\/\/\\//\..\/..\//\\//\\/\/\/.../\./\
\//\\/\/\/..\/./\../\.\/..\/../\./\/\\/.\/
/\\/./\..../\..\//\\//\/\/\/\.\/.\/\//\./\
\/./\\/./\.\/./\.\/..\/\/\/\/....../\\/.\/
...\/...\/../\\/../\./\......./\./\\/./\/\
./\.../\/\/\\/../\\/.\/./\./\.\/.\/...\/\/
.\//\.\/\/\//\/\\/./\./\\/.\/..../\/\/\...
...\/./\/\..\/\/...\/.\/...../\/\\/\/\//\.
./\/\.\/\//\./\/\/\/\/\./\/\.\/\/......\/.
.\/\/./\/\\/.\/\/\/\/\/.\/\/....../\./\...
......\/\/......./\/\/\/\/\./\/\/\\/.\//\.
/\/\/\/\/\/\/\/\.\/\/\/\/\/.\/\/\//\...\/.
\/\/\/\/\/\/\/\/../\/\/\../\.../\.\/./\./\
/\./\/\./\/\../\/\\/\/\//\\/./\\//\..\/.\/
\/.\/\/.\/\//\\/\//\/\..\/./\\/..\//\.../\
./\/\/\/\/\.\//\..\/\//\...\//\/\..\//\.\/
.\/\/\/\/\//\.\/./\...\/./\/\\/\/./\.\/...
.../\/\./\.\//\/\\//\....\/\//\./\\/./\/\.
/\.\/\/.\//\.\/\//\\/./\./\/\\/.\//\.\/\/.
\//\./\/\.\/../\.\/...\/.\/\//\/\.\/./\...
/\\/.\/\//\/\.\/.../\../\/\/\\/\/./\.\/./\
\/..../\.\/\/..../\\//\\/\/\//\/\.\/./\.\/
/\/\/\\/.../\./\.\//\\/./\...\/\//\/\\//\.
\/\/\/./\/\\/.\//\.\/./\\//\.../\\/\//\\/.
.../\/\\/\//\/\.\/./\.\/..\/./\\/....\/./\
./\\/\/....\/\/../\\//\/\/\/\\/../\/\/\.\/
.\/../\/\/\..../\\/..\/\/\/\/./\.\/\/\/./\
./\/\\/\/\//\/\\/./\..../\/\/\\//\/\....\/
.\/\/./\...\/\/...\/./\.\/\/\//\\/\//\./\.
/\/\/\\//\./\./\./\/\\/.../\..\/./\.\/.\/.
\/\/\//\\/.\/.\/.\/\//\/\.\//\/\.\/./\....
./\/\.\/........./\/\\/\//\.\/\/./\.\/./\.
.\/\//\/\./\./\/\\/\/....\/.../\.\//\/\\/.
./\/\\/\/.\/.\/\//\./\./\./\/\\//\.\/\/./\
.\/\/............\/.\/.\/.\/\/..\/......\/
Case #46:
./\/\/\./\/\/\/\....../\./\/\/\/\/\...../\.../\/\.
.\/\/\/.\/\/\/\/./\/\.\/.\/\/\/\/\/./\/\\/./\\/\/.
./\./\/\...../\..\/\//\/\/\./\../\/\\/\/...\/./\/\
.\/.\/\//\/\.\/./\...\/\/\/.\//\\/\//\/\/\../\\/\/
/\../\..\/\/./\.\//\/\/\/\/\/\\//\/\\/\/\//\\/....
\//\\//\../\.\/...\/\/\/\/\/\/..\/\//\/\/\\/./\/\.
/\\/..\//\\//\/\/\../\./\/\/\/\/\/\.\/\/\/...\/\/.
\//\/\/\\//\\/\/\//\\/.\/\/\/\/\/\//\/\/\./\./\./\
/\\/\/\//\\/./\/\.\//\/\/\/\/\.../\\/\/\/.\/.\/.\/
\//\./\.\//\.\/\//\.\/\/\/\/\//\.\//\./\./\..../\.
..\/.\//\.\/.....\/./\/\/\./\.\/...\/.\/.\//\/\\/.
/\/\...\/..../\/\...\/\/\/.\/.../\./\.../\.\/\/...
\/\//\/\/\/\.\/\//\.../\/\.../\.\/.\/./\\//\./\./\
/\..\/\/\/\//\./\\//\.\/\//\.\/../\/\.\//\\/.\/.\/
\//\/\./\./\\/.\//\\/../\.\/.../\\/\/./\\/....../\
/\\/\/.\/.\/./\..\/./\.\//\/\/\\/.....\/./\/\/\.\/
\//\./\..../\\/./\..\//\.\/\/\/./\/\./\/\\/\/\/...
/\\/.\/./\.\/./\\//\/\\/..../\..\/\/.\/\//\.../\/\
\//\./\.\//\..\/..\/\/../\/\\//\./\../\/\\//\.\/\/
..\/.\/...\/./\/\..../\.\/\//\\/.\//\\/\/..\//\/\.
./\/\.../\...\/\//\/\\/.../\\/.../\\/../\/\..\/\/.
.\/\/./\\//\/\./\\/\//\/\.\/./\/\\/./\.\/\/./\/\..
/\/\..\/..\/\/.\/....\/\/....\/\/...\/./\...\/\//\
\/\//\.../\/\./\./\/\/\./\/\./\../\....\/./\/\..\/
/\/\\//\.\/\/.\/.\/\/\/.\/\/.\//\\/./\/\..\/\//\/\
\/\/..\/...../\.../\/\/\..../\.\/...\/\//\/\/\\/\/
/\.../\/\./\.\/./\\/\/\/./\.\//\./\/\/\.\/\/\//\/\
\/./\\/\/.\/./\.\//\../\.\/...\/.\/\/\//\/\...\/\/
...\/./\/\/\.\//\.\//\\//\../\....../\.\/\//\/\...
./\/\.\/\/\//\.\//\.\/..\//\\/./\./\\/./\/\\/\//\.
.\/\//\/\...\/./\\/./\/\/\\//\.\/.\//\.\/\/../\\/.
/\./\\/\/./\...\//\.\/\/\/..\/..../\\//\./\/\\//\.
\/.\//\./\\/./\..\/./\.../\..../\.\//\\/.\/\//\\/.
./\..\/.\/...\//\/\.\/./\\/./\.\/./\\/.......\//\.
.\/./\/\/\/\./\\/\//\/\\/./\\//\..\//\/\/\/\/\.\/.
/\/\\/\/\/\/.\//\/\\/\/./\\//\\/./\.\/\/\/\/\//\/\
\/\//\./\/\/\/\\/\//\/\.\//\\/...\/....../\/\.\/\/
/\..\/.\/\/\/\//\..\/\/...\/../\/\/\/\./\\/\//\./\
\//\/\../\./\/\\/./\./\/\/\./\\/\/\/\/.\/./\.\/.\/
..\/\//\\/.\/\//\.\/.\/\/\/.\/../\./\/\/\.\/......
/\/\/\\/..../\.\//\./\./\.../\/\\/.\/\/\//\/\/\/\.
\/\/\/./\./\\//\.\/.\/.\//\.\/\//\/\/\/\.\/\/\/\/.
..../\.\/.\/..\//\./\./\.\/../\.\/\/\/\/./\/\./\/\
/\/\\/./\../\...\/.\/.\/.../\\/../\./\...\/\/.\/\/
\/\/...\//\\//\./\./\.../\.\//\/\\/.\/./\/\...../\
./\/\/\/\\//\\/.\/.\//\.\/...\/\//\/\/\\/\/./\/\\/
.\/\/\/\//\\//\..../\\//\/\/\/\/\\/\/\/.../\\/\//\
./\./\/\.\//\\//\/\\/..\/\/\/\/\//\/\/\./\\/./\.\/
.\/.\/\/./\\//\\/\//\/\/\./\/\/\.\/\/\/.\/./\\/./\
.........\/..\/....\/\/\/.\/\/\/...........\/...\/
Case #47:
./\..../\/\...../\..../\/\/\/\/\../\/\.../\
.\//\/\\/\//\./\\//\/\\/\/\/\/\//\\/\//\.\/
/\.\/\/./\.\/.\/..\/\/../\/\/\/\\/./\.\/...
\/../\/\\/../\.../\/\./\\/\/\/\//\.\/../\/\
../\\/\/./\.\/./\\/\/.\/.../\...\/./\/\\/\/
/\\//\./\\//\..\/./\/\.../\\//\/\/\\/\/./\.
\/..\/.\//\\//\./\\/\/./\\//\\/\/\/.....\/.
/\./\/\/\\/..\/.\/./\..\/..\/../\/\/\./\./\
\/.\/\/\/./\/\/\...\//\/\./\./\\/\/\/.\/.\/
..../\/\/\\/\/\/./\/\\/\/.\/.\/../\...../\.
/\/\\/\/\//\/\/\.\/\/...../\./\/\\//\./\\/.
\/\/./\/\.\/\/\/./\./\/\/\\/.\/\/..\/.\//\.
/\./\\/\/./\/\...\/.\/\/\//\../\/\......\/.
\/.\/./\/\\/\/./\..../\./\\//\\/\//\./\/\/\
/\/\/\\/\/../\.\/./\.\/.\/..\/./\.\/.\/\/\/
\/\/\/../\/\\//\..\//\./\/\../\\//\/\./\./\
.../\./\\/\/..\//\/\\/.\/\//\\//\\/\/.\/.\/
/\.\/.\/...../\.\/\/./\../\\//\\/./\./\../\
\//\../\/\/\.\/../\..\//\\//\\//\.\/.\//\\/
/\\//\\/\/\/.../\\//\/\\/..\/..\/..../\\/..
\//\\/...../\/\\//\\/\//\./\./\./\./\\//\/\
/\\//\./\/\\/\/..\//\..\/.\/.\/.\/.\//\\/\/
\/..\/.\/\/..../\/\\//\.../\.../\/\/\\//\..
/\/\./\/\/\/\/\\/\//\\/./\\//\.\/\/\//\\//\
\/\/.\/\/\/\/\/....\/...\//\\/./\/\..\//\\/
/\/\/\/\/\.../\/\./\./\...\//\.\/\/./\.\//\
\/\/\/\/\//\.\/\/.\/.\/./\/\\//\/\/\\/./\\/
/\./\/\/\.\//\./\/\/\...\/\//\\/\/\//\.\//\
\/.\/\/\//\.\/.\/\/\//\/\...\//\../\\//\.\/
./\/\./\.\/./\/\./\/\\/\//\/\.\//\\//\\/./\
.\/\/.\/....\/\/.\/\/....\/\/...\/..\/...\/
Case #48:
./\./\/\/\/\/\./\......./\./\./\/\/\/\/\.
.\/.\/\/\/\/\/.\/./\/\/\\/.\/.\/\/\/\/\/.
..../\./\./\../\/\\/\/\//\/\./\./\./\....
./\.\/.\/.\//\\/\/./\/\.\/\/.\/.\/.\/./\.
.\/....../\.\//\./\\/\/./\/\/\...../\.\/.
./\/\/\/\\//\.\/.\//\...\/\/\/./\/\\/....
.\/\/\/\/..\/../\/\\//\../\....\/\/./\/\.
./\/\/\./\/\/\.\/\//\\//\\//\/\../\.\/\/.
.\/\/\/.\/\/\//\./\\/..\//\\/\//\\//\./\.
.../\/\/\/\/\.\/.\/./\/\.\/./\.\/..\/.\/.
/\.\/\/\/\/\//\./\/\\/\/../\\/../\./\....
\/./\/\./\/\.\/.\/\/.../\.\//\/\\/.\//\/\
./\\/\/.\/\//\./\../\/\\/./\\/\//\/\.\/\/
.\/./\/\/\/\\/.\//\\/\//\.\//\/\\/\/.../\
/\/\\/\/\/\/./\/\\/../\\//\.\/\//\./\/\\/
\/\/./\./\/\.\/\//\/\\/..\/.....\/.\/\//\
.../\\/.\/\//\./\\/\//\./\/\./\./\./\/\\/
/\.\//\./\/\\/.\/./\.\/.\/\/.\/.\/.\/\/..
\/./\\/.\/\//\./\.\//\./\/\/\/\./\./\./\.
...\/../\...\/.\/./\\/.\/\/\/\/.\/.\/.\/.
./\/\/\\/./\./\/\.\//\......./\/\./\/\./\
.\/\/\/./\\/.\/\//\.\/./\/\/\\/\/.\/\/.\/
./\/\./\\/./\../\\//\/\\/\/\//\/\........
.\/\/.\/...\//\\/..\/\//\/\..\/\//\./\./\
/\/\/\/\/\/\.\//\/\./\.\/\//\/\/\\/.\/.\/
\/\/\/\/\/\/...\/\/.\/.....\/\/\/........
Case #49:
Impossible
Case #50:
/\/\./\/\/\/\./\./\/\/\/\.
\/\/.\/\/\/\/.\/.\/\/\/\/.
/\/\/\/\/\./\./\/\./\/\/\.
\/\/\/\/\/.\/.\/\/.\/\/\/.
../\/\/\./\/\./\/\/\/\./\.
/\\/\/\/.\/\/.\/\/\/\/.\/.
\//\/\/\/\./\/\/\/\/\/\/\.
..\/\/\/\/.\/\/\/\/\/\/\/.
/\/\../\/\/\./\/\./\/\/\..
\/\//\\/\/\/.\/\/.\/\/\/..
/\/\\//\/\/\./\/\/\/\/\./\
\/\//\\/\/\/.\/\/\/\/\/.\/
/\/\\//\/\../\/\/\/\/\/\/\
\/\/..\/\//\\/\/\/\/\/\/\/
/\/\/\/\/\\//\/\./\/\/\/\.
\/\/\/\/\//\\/\/.\/\/\/\/.
/\....../\\//\/\/\./\./\/\
\//\/\/\\//\\/\/\/.\/.\/\/
/\\/\/\/..\//\/\/\/\/\/\/\
\//\../\/\/\\/\/\/\/\/\/\/
/\\//\\/\/\//\/\..../\./\.
\//\\//\....\/\//\/\\/.\/.
/\\//\\//\/\....\/\//\/\/\
\//\\//\\/\//\/\../\\/\/\/
/\\//\\//\/\\/\//\\//\../\
\//\\/..\/\/....\/..\//\\/
/\\/../\../\/\/\/\/\/\\//\
\//\/\\//\\/\/\/\/\/\/..\/
..\/\//\\//\/\/\/\/\../\..
/\/\..\/..\/\/\/\/\//\\//\
\/\//\/\/\../\../\/\\//\\/
/\/\\/\/\//\\//\\/\//\\/..
\/\//\/\..\//\\//\/\\/../\
/\/\\/\//\/\\//\\/\//\/\\/
\/\//\/\\/\//\\//\..\/\//\
....\/\//\/\\/..\//\/\/\\/
/\/\/\/\\/\//\/\..\/\/\//\
\/\/\/\//\/\\/\//\/\/\/\\/
../\/\/\\/\/../\\/\/\/\/..
/\\/\/\//\../\\/../\/\/\/\
\//\/\..\//\\//\/\\/\/\/\/
..\/\//\/\\//\\/\//\/\/\..
/\/\/\\/\/..\//\/\\/\/\//\
\/\/\//\/\/\/\\/\//\/\/\\/
......\/\/\/\/....\/\/\/..
