Case #1:
Impossible
Case #2:
.
Case #3:
./\..
.\//\
./\\/
.\/..
Case #4:
/\/\..
\/\/..
/\/\..
\/\/..
......
Case #5:
/\/\
\/\/
../\
/\\/
\//\
..\/
Case #6:
/\/\/\
\/\/\/
/\/\/\
\/\/\/
/\/\/\
\/\/\/
Case #7:
Impossible
Case #8:
...
./\
.\/
...
/\.
\/.
Case #9:
Impossible
Case #10:
/\/\..
\/\/..
/\/\..
\/\/..
/\/\/\
\/\/\/
Case #11:
Impossible
Case #12:
Impossible
Case #13:
/\/\/\
\/\/\/
/\/\..
\/\//\
./\.\/
.\/...
Case #14:
.../\
./\\/
.\/..
Case #15:
Impossible
Case #16:
/\..
\//\
..\/
Case #17:
Impossible
Case #18:
/\.
\/.
...
Case #19:
...
/\.
\/.
/\.
\/.
Case #20:
/\/\
\/\/
/\/\
\/\/
